2018-02-11 11:17:32,168 INFO     jinfeng    获取URLS成功    
2018-02-11 11:17:33,200 INFO     jinfeng    Python 返回URUL:http://tieba.baidu.com/f?kw=权利的游戏&ie=utf-8&pn=0  数据成功
2018-02-11 11:17:33,674 INFO     jinfeng    获取标题为<<整理好了.未删减权力的游戏1-7季🌸献给吧友‼️>>的项成功 ...
2018-02-11 11:17:33,678 INFO     jinfeng    获取标题为<<【推荐】权利的游戏1--7！超清无删减！1080P！！不套路>>的项成功 ...
2018-02-11 11:17:33,681 INFO     jinfeng    获取标题为<<权L的游戏🎈7季全＋大电影，NO删Super清，>>的项成功 ...
2018-02-11 11:17:33,686 INFO     jinfeng    获取标题为<<【原创视频】保安大哥的大侠梦，习武十年终于成名了>>的项成功 ...
2018-02-11 11:17:33,688 INFO     jinfeng    获取标题为<<权利的游戏1--7！无删减！1080P！！>>的项成功 ...
2018-02-11 11:17:33,691 INFO     jinfeng    获取标题为<<权力的游戏七季全，超清无。删。减，中英双字幕>>的项成功 ...
2018-02-11 11:17:33,694 INFO     jinfeng    获取标题为<<【资源帖】权利的游戏『1----7』超！清！完！整。>>的项成功 ...
2018-02-11 11:17:33,697 INFO     jinfeng    获取标题为<<【原创视频】跪拜！逆天妹子开挂大盘点 !>>的项成功 ...
2018-02-11 11:17:33,701 INFO     jinfeng    获取标题为<<妈耶贴吧好乱,刚刚看完权力的游戏全季度未删减,叫我雷锋>>的项成功 ...
2018-02-11 11:17:33,704 INFO     jinfeng    获取标题为<<楼下家出事了。>>的项成功 ...
2018-02-11 11:17:33,707 INFO     jinfeng    获取标题为<<【推荐】权利的游戏1--7！无shan减！1080P！超请🥚进来qu>>的项成功 ...
2018-02-11 11:17:33,710 INFO     jinfeng    获取标题为<<【资源贴】权利的游戏1------7！！超清！无删！不套路二>>的项成功 ...
2018-02-11 11:17:33,713 INFO     jinfeng    获取标题为<<权力的游戏1--7季全集，超清无删减，中英字幕>>的项成功 ...
2018-02-11 11:17:33,719 INFO     jinfeng    获取标题为<<权利的游戏全，找Baidu云:海角此刻>>的项成功 ...
2018-02-11 11:17:33,723 INFO     jinfeng    获取标题为<<权利的游戏1-7无删超青都是1080的～戳>>的项成功 ...
2018-02-11 11:17:33,727 INFO     jinfeng    获取标题为<<【原创视频】涨姿势了，还可以这样吃鱼？简直太有才了>>的项成功 ...
2018-02-11 11:17:33,730 INFO     jinfeng    获取标题为<<权利的游戏 超清1️⃣0️⃣8️⃣0️⃣ 分享给吧友们 来🍃>>的项成功 ...
2018-02-11 11:17:33,733 INFO     jinfeng    获取标题为<<权力的游戏。1-7季。1080p。看楼下自娶【图片】>>的项成功 ...
2018-02-11 11:17:33,736 INFO     jinfeng    获取标题为<<《热血风云》公益新区 送Vip12 金庸卡牌闯关>>的项成功 ...
2018-02-11 11:17:33,740 INFO     jinfeng    获取标题为<<高清无删👍1～7👍中英双字幕👇戳一下👇在里面>>的项成功 ...
2018-02-11 11:17:33,743 INFO     jinfeng    获取标题为<<权利的游戏七季全！衣柜字幕组超清画质哦！>>的项成功 ...
2018-02-11 11:17:33,747 INFO     jinfeng    获取标题为<<权利的游戏1-7整理  不套路  看楼下>>的项成功 ...
2018-02-11 11:17:33,750 INFO     jinfeng    获取标题为<<退了>>的项成功 ...
2018-02-11 11:17:33,753 INFO     jinfeng    获取标题为<<You know nothing，Jon Snow！>>的项成功 ...
2018-02-11 11:17:33,757 INFO     jinfeng    获取标题为<<权利的游戏1～7季高清未删减哦，要看的来2喽>>的项成功 ...
2018-02-11 11:17:33,760 INFO     jinfeng    获取标题为<<权利的游戏1-7整理好啦，进来……>>的项成功 ...
2018-02-11 11:17:33,765 INFO     jinfeng    获取标题为<<权利的游戏1-7全有啦，想看的2楼>>的项成功 ...
2018-02-11 11:17:33,767 INFO     jinfeng    获取标题为<<权力的游戏。1-7季。1080p。未删。>>的项成功 ...
2018-02-11 11:17:33,770 INFO     jinfeng    获取标题为<<权利的游戏全>>的项成功 ...
2018-02-11 11:17:33,775 INFO     jinfeng    获取标题为<<【加粗】权利的游戏1-7公众电波兄免费获取>>的项成功 ...
2018-02-11 11:17:33,778 INFO     jinfeng    获取标题为<<权利的游戏1到7，整理好啦>>的项成功 ...
2018-02-11 11:17:33,782 INFO     jinfeng    获取标题为<<『权利的游戏』『超清👊🏻高清双版本』🍃分享给吧友『满足不同需>>的项成功 ...
2018-02-11 11:17:33,785 INFO     jinfeng    获取标题为<<刚刷完剧来说一下不知道有没有人说过的猜想，感觉瑟曦的还是要么>>的项成功 ...
2018-02-11 11:17:33,788 INFO     jinfeng    获取标题为<<【资源】权利的游戏 全套               下面免>>的项成功 ...
2018-02-11 11:17:33,792 INFO     jinfeng    获取标题为<<留个1,我发给你们吧,没收到的小伙伴们二楼滴滴,么么哒。>>的项成功 ...
2018-02-11 11:17:33,795 INFO     jinfeng    获取标题为<<权L的游戏🎈7季全未删减超清>>的项成功 ...
2018-02-11 11:17:33,798 INFO     jinfeng    获取标题为<<权利的游戏1-7未删减全>>的项成功 ...
2018-02-11 11:17:33,801 INFO     jinfeng    获取标题为<<龙妈的笑。。。>>的项成功 ...
2018-02-11 11:17:33,805 INFO     jinfeng    获取标题为<<权利的游戏7季全>>的项成功 ...
2018-02-11 11:17:33,806 INFO     jinfeng    获取标题为<<刚看完，比较震撼，谈谈古欧洲人与中国人之间的区别>>的项成功 ...
2018-02-11 11:17:33,811 INFO     jinfeng    获取标题为<<还有没看过的么，权利的游戏，第一到第七季超清～未见，要的看2>>的项成功 ...
2018-02-11 11:17:33,813 INFO     jinfeng    获取标题为<<权游七季资源，无偿！重申一遍无偿！！超清未删减七季，不加微⭐>>的项成功 ...
2018-02-11 11:17:33,816 INFO     jinfeng    获取标题为<<权利的游戏1-7衣柜字幕组。未删～看的找我>>的项成功 ...
2018-02-11 11:17:33,819 INFO     jinfeng    获取标题为<<[绝对免费]1-7季全，超清，无删 ，在线就发>>的项成功 ...
2018-02-11 11:17:33,822 INFO     jinfeng    获取标题为<<精心整理，权游1---7，高青，，no删，来拿啊>>的项成功 ...
2018-02-11 11:17:33,826 INFO     jinfeng    获取标题为<<权利游戏1-7全  想要的2楼自取>>的项成功 ...
2018-02-11 11:17:33,829 INFO     jinfeng    获取标题为<<🎬权力的游戏：征服与反抗>>的项成功 ...
2018-02-11 11:17:33,832 INFO     jinfeng    获取标题为<<权力的游戏1~6季高清未删减>>的项成功 ...
2018-02-11 11:17:33,835 INFO     jinfeng    获取标题为<<权利的游戏全>>的项成功 ...
2018-02-11 11:17:33,838 INFO     jinfeng    获取标题为<<权力的游戏1-7全集>>的项成功 ...
2018-02-11 11:17:34,657 INFO     jinfeng    Python 返回URUL:http://tieba.baidu.com/f?kw=权利的游戏&ie=utf-8&pn=50  数据成功
2018-02-11 11:17:35,065 INFO     jinfeng    获取标题为<<权利游戏1-7无删，看的来>>的项成功 ...
2018-02-11 11:17:35,068 INFO     jinfeng    获取标题为<<💟 💟权利的游戏【1------7】季超清无删减！>>的项成功 ...
2018-02-11 11:17:35,071 INFO     jinfeng    获取标题为<<权利的游戏🔥1~7季➕蓝光大电影🔥high清🔥NO删>>的项成功 ...
2018-02-11 11:17:35,073 INFO     jinfeng    获取标题为<<权利的游戏，1-7季，超清未删，二楼拿哈>>的项成功 ...
2018-02-11 11:17:35,078 INFO     jinfeng    获取标题为<<权利的游戏长期更新>>的项成功 ...
2018-02-11 11:17:35,081 INFO     jinfeng    获取标题为<<🍀权利的游戏💙1-7季💙高品质💙>>的项成功 ...
2018-02-11 11:17:35,084 INFO     jinfeng    获取标题为<<权利的YX1-7全超级无敌高清NB无删版！>>的项成功 ...
2018-02-11 11:17:35,086 INFO     jinfeng    获取标题为<<#权利的游戏#1-7季，高品质>>的项成功 ...
2018-02-11 11:17:35,089 INFO     jinfeng    获取标题为<<吧主干嘛的？这个吧除了加各种微信还有什么？这么好的剧不是大家>>的项成功 ...
2018-02-11 11:17:35,094 INFO     jinfeng    获取标题为<<【权利的游戏】高清免费资源全部都找到了，还不要钱你敢信？>>的项成功 ...
2018-02-11 11:17:35,096 INFO     jinfeng    获取标题为<<我是搬运工>>的项成功 ...
2018-02-11 11:17:35,099 INFO     jinfeng    获取标题为<<权利的游戏全>>的项成功 ...
2018-02-11 11:17:35,102 INFO     jinfeng    获取标题为<<权利的游戏高清无删减>>的项成功 ...
2018-02-11 11:17:35,105 INFO     jinfeng    获取标题为<<反正要删了，需要的可以分享>>的项成功 ...
2018-02-11 11:17:35,109 INFO     jinfeng    获取标题为<<分享：斯巴达克斯1-3季加前传！自取链接：https://pan.>>的项成功 ...
2018-02-11 11:17:35,112 INFO     jinfeng    获取标题为<<权游1-7 高青 快来拿走！！！>>的项成功 ...
2018-02-11 11:17:35,115 INFO     jinfeng    获取标题为<<#权利的游戏#1-7季，高品质无删减！>>的项成功 ...
2018-02-11 11:17:35,118 INFO     jinfeng    获取标题为<<权利的游戏番外剧有人看过吗，真的不错!>>的项成功 ...
2018-02-11 11:17:35,121 INFO     jinfeng    获取标题为<<权利的游戏>>的项成功 ...
2018-02-11 11:17:35,125 INFO     jinfeng    获取标题为<<我这对象怎么样，给评个分>>的项成功 ...
2018-02-11 11:17:35,128 INFO     jinfeng    获取标题为<<1-7，我我我>>的项成功 ...
2018-02-11 11:17:35,131 INFO     jinfeng    获取标题为<<权利的游戏1——7>>的项成功 ...
2018-02-11 11:17:35,134 INFO     jinfeng    获取标题为<<这有第七季>>的项成功 ...
2018-02-11 11:17:35,138 INFO     jinfeng    获取标题为<<权利的游戏，懂的进>>的项成功 ...
2018-02-11 11:17:35,141 INFO     jinfeng    获取标题为<<权利的游戏1-7。高青。无删。>>的项成功 ...
2018-02-11 11:17:35,144 INFO     jinfeng    获取标题为<<求这个高清壁纸 谢谢大佬们>>的项成功 ...
2018-02-11 11:17:35,148 INFO     jinfeng    获取标题为<<权利的游戏全>>的项成功 ...
2018-02-11 11:17:35,151 INFO     jinfeng    获取标题为<<龙母。。。。。。毁了。。。。>>的项成功 ...
2018-02-11 11:17:35,154 INFO     jinfeng    获取标题为<<【权力的游戏】1-6蓝光 无删>>的项成功 ...
2018-02-11 11:17:35,157 INFO     jinfeng    获取标题为<<《权利的游戏》第七季，第7集，琼恩.雪诺的身份是雷加.坦格利>>的项成功 ...
2018-02-11 11:17:35,161 INFO     jinfeng    获取标题为<<贴吧好乱啊。刚刚看完权力的游戏全季度未删减,我姓雷>>的项成功 ...
2018-02-11 11:17:35,164 INFO     jinfeng    获取标题为<<权利的游戏全>>的项成功 ...
2018-02-11 11:17:35,168 INFO     jinfeng    获取标题为<<权力的游戏。1-7季。1080p。看楼下自娶>>的项成功 ...
2018-02-11 11:17:35,173 INFO     jinfeng    获取标题为<<权利的游戏，1-7季，超清未删，二楼拿哦>>的项成功 ...
2018-02-11 11:17:35,177 INFO     jinfeng    获取标题为<<权利的游戏，1-7季，超清未删，二楼拿>>的项成功 ...
2018-02-11 11:17:35,180 INFO     jinfeng    获取标题为<<权游1-7+小说免费放送！！！！！方式👇👇>>的项成功 ...
2018-02-11 11:17:35,184 INFO     jinfeng    获取标题为<<一起来看嘛>>的项成功 ...
2018-02-11 11:17:35,187 INFO     jinfeng    获取标题为<<萌新刚看完电视剧第七季想补原作小说该从第几卷开始看>>的项成功 ...
2018-02-11 11:17:35,190 INFO     jinfeng    获取标题为<<我是来放第七季资源的  不用加威信>>的项成功 ...
2018-02-11 11:17:35,194 INFO     jinfeng    获取标题为<<权利游戏，1080p完整，1-7季看了，真的好看也～～楼下哈>>的项成功 ...
2018-02-11 11:17:35,197 INFO     jinfeng    获取标题为<<都看完啦，要的来找我>>的项成功 ...
2018-02-11 11:17:35,200 INFO     jinfeng    获取标题为<<权利的游戏全>>的项成功 ...
2018-02-11 11:17:35,203 INFO     jinfeng    获取标题为<<权利的游戏>>的项成功 ...
2018-02-11 11:17:35,206 INFO     jinfeng    获取标题为<<权力的游戏。1-7季。1080p。看楼下>>的项成功 ...
2018-02-11 11:17:35,999 INFO     jinfeng    Python 返回URUL:http://tieba.baidu.com/f?kw=权利的游戏&ie=utf-8&pn=100  数据成功
2018-02-11 11:17:37,155 INFO     jinfeng    获取标题为<<权利的游戏1-6无删减资源>>的项成功 ...
2018-02-11 11:17:37,160 INFO     jinfeng    获取标题为<<用瑟曦的脑袋喝酒>>的项成功 ...
2018-02-11 11:17:37,164 INFO     jinfeng    获取标题为<<权力的游戏太好看啦  已经全部整理好1-7全二楼地址哦  要>>的项成功 ...
2018-02-11 11:17:37,167 INFO     jinfeng    获取标题为<<想看拿走>>的项成功 ...
2018-02-11 11:17:37,170 INFO     jinfeng    获取标题为<<《权利的游戏》>>的项成功 ...
2018-02-11 11:17:37,173 INFO     jinfeng    获取标题为<<权力的游戏。1-7季。1080p。未删。【图片】【图片】>>的项成功 ...
2018-02-11 11:17:37,176 INFO     jinfeng    获取标题为<<[福利]权利的游戏1-7季未删减版，二楼拿>>的项成功 ...
2018-02-11 11:17:37,180 INFO     jinfeng    获取标题为<<权利的游戏1-7季全 无删减>>的项成功 ...
2018-02-11 11:17:37,183 INFO     jinfeng    获取标题为<<权力的游戏。1-7季。1080p。未删。【图片】>>的项成功 ...
2018-02-11 11:17:37,186 INFO     jinfeng    获取标题为<<权利的游戏真的好看，1-7季我都有啊。要回顾的小伙伴请看楼下>>的项成功 ...
2018-02-11 11:17:37,188 INFO     jinfeng    获取标题为<<【权利的游戏】1-7无删减超清，中文字幕。>>的项成功 ...
2018-02-11 11:17:37,193 INFO     jinfeng    获取标题为<<（1-7）权利的游戏👇超青👇无删>>的项成功 ...
2018-02-11 11:17:37,196 INFO     jinfeng    获取标题为<<测>>的项成功 ...
2018-02-11 11:17:37,198 INFO     jinfeng    获取标题为<<权利游戏权利无删减版哦>>的项成功 ...
2018-02-11 11:17:37,201 INFO     jinfeng    获取标题为<<多余一张敬业福，打开支付宝首页搜索“968464”，即可领取>>的项成功 ...
2018-02-11 11:17:37,204 INFO     jinfeng    获取标题为<<权利的游戏，1-7季全，超清无删，二楼拿哈>>的项成功 ...
2018-02-11 11:17:37,209 INFO     jinfeng    获取标题为<<权利游戏❤超清完整版>>的项成功 ...
2018-02-11 11:17:37,211 INFO     jinfeng    获取标题为<<权利的游戏1-7无删减>>的项成功 ...
2018-02-11 11:17:37,214 INFO     jinfeng    获取标题为<<权力的游戏。1-7季。1080p。未删。>>的项成功 ...
2018-02-11 11:17:37,217 INFO     jinfeng    获取标题为<<资源贴(权利的游戏)第七季，无删版>>的项成功 ...
2018-02-11 11:17:37,221 INFO     jinfeng    获取标题为<<权利的游戏1～7季高清未删减哦>>的项成功 ...
2018-02-11 11:17:37,224 INFO     jinfeng    获取标题为<<推荐一部和权游相似类型的美剧给你们>>的项成功 ...
2018-02-11 11:17:37,227 INFO     jinfeng    获取标题为<<权利的游戏1-7集 未删减！！免费 ！！无偿分享 加我就发🐸>>的项成功 ...
2018-02-11 11:17:37,232 INFO     jinfeng    获取标题为<<权利的游戏  1--7季 滴滴>>的项成功 ...
2018-02-11 11:17:37,234 INFO     jinfeng    获取标题为<<权利的游戏1-7全字幕无删减  要的来>>的项成功 ...
2018-02-11 11:17:37,237 INFO     jinfeng    获取标题为<<权利的游戏，超～清，无～删第一到第七季>>的项成功 ...
2018-02-11 11:17:37,242 INFO     jinfeng    获取标题为<<权力的游戏。1-7季。1080p。未删。>>的项成功 ...
2018-02-11 11:17:37,244 INFO     jinfeng    获取标题为<<权力的游戏。1-7季。1080p。未删。>>的项成功 ...
2018-02-11 11:17:37,247 INFO     jinfeng    获取标题为<<【征服与反抗】1-7超清无删减++前传>>的项成功 ...
2018-02-11 11:17:37,250 INFO     jinfeng    获取标题为<<维斯特洛的前世今生：权利的游戏征服与反抗>>的项成功 ...
2018-02-11 11:17:37,255 INFO     jinfeng    获取标题为<<1-7无删减>>的项成功 ...
2018-02-11 11:17:37,265 INFO     jinfeng    获取标题为<<#权利的游戏#1-7超清无删减，中英双字幕>>的项成功 ...
2018-02-11 11:17:37,269 INFO     jinfeng    获取标题为<<权利的游戏1-7超清无删减，中英双字幕>>的项成功 ...
2018-02-11 11:17:37,273 INFO     jinfeng    获取标题为<<没想到君临真的飘起了雪…The winter is comi>>的项成功 ...
2018-02-11 11:17:37,276 INFO     jinfeng    获取标题为<<kingslanding>>的项成功 ...
2018-02-11 11:17:37,279 INFO     jinfeng    获取标题为<<让你看看红毒蛇奥伯伦究竟多牛掰>>的项成功 ...
2018-02-11 11:17:37,282 INFO     jinfeng    获取标题为<<一只火龙胜过千军万马，有木有>>的项成功 ...
2018-02-11 11:17:37,286 INFO     jinfeng    获取标题为<<权利的游戏1-7 要的来白取哈>>的项成功 ...
2018-02-11 11:17:37,289 INFO     jinfeng    获取标题为<<权力的游戏1-7季无删减。1080P。看楼下>>的项成功 ...
2018-02-11 11:17:37,292 INFO     jinfeng    获取标题为<<《权利的游戏》1-7>>的项成功 ...
2018-02-11 11:17:37,296 INFO     jinfeng    获取标题为<<半人万岁>>的项成功 ...
2018-02-11 11:17:37,299 INFO     jinfeng    获取标题为<<求权利的游戏全集网盘资源>>的项成功 ...
2018-02-11 11:17:37,302 INFO     jinfeng    获取标题为<<权力的游戏。1-7季。1080p。未删。>>的项成功 ...
2018-02-11 11:17:37,305 INFO     jinfeng    获取标题为<<权力的游戏1-7季无删减。看楼下【图片】【图片】【图片】【图>>的项成功 ...
2018-02-11 11:17:37,309 INFO     jinfeng    获取标题为<<权利的游戏1-7全集高清无删，喜欢进>>的项成功 ...
2018-02-11 11:17:37,312 INFO     jinfeng    获取标题为<<权利的游戏1－7有免费的吗兄弟姐妹们，加我chen27308>>的项成功 ...
2018-02-11 11:17:37,315 INFO     jinfeng    获取标题为<<无偿分享，链接哦>>的项成功 ...
2018-02-11 11:17:37,319 INFO     jinfeng    获取标题为<<万能的吧友们，请问什么第几季寒冬会来，异鬼侵袭？等的好心酸>>的项成功 ...
2018-02-11 11:17:38,176 INFO     jinfeng    Python 返回URUL:http://tieba.baidu.com/f?kw=权利的游戏&ie=utf-8&pn=150  数据成功
2018-02-11 11:17:38,627 INFO     jinfeng    获取标题为<<这是啥节目呀>>的项成功 ...
2018-02-11 11:17:38,630 INFO     jinfeng    获取标题为<<龙母不能输，靠大家了~>>的项成功 ...
2018-02-11 11:17:38,632 INFO     jinfeng    获取标题为<<求未删减版权利的游戏，可有偿>>的项成功 ...
2018-02-11 11:17:38,635 INFO     jinfeng    获取标题为<<关于第八季，网上的爆料是否真实？>>的项成功 ...
2018-02-11 11:17:38,638 INFO     jinfeng    获取标题为<<权利的游戏1-7要的来拿>>的项成功 ...
2018-02-11 11:17:38,642 INFO     jinfeng    获取标题为<<权利全集>>的项成功 ...
2018-02-11 11:17:38,645 INFO     jinfeng    获取标题为<<各位大神把你们收藏的权游高清壁纸都发出来吧，我想做个相册挂在>>的项成功 ...
2018-02-11 11:17:38,648 INFO     jinfeng    获取标题为<<权力的游戏，高 。清，无删。>>的项成功 ...
2018-02-11 11:17:38,653 INFO     jinfeng    获取标题为<<权力的游戏1-7季无删减。1080P。看楼下【图片】【图片】>>的项成功 ...
2018-02-11 11:17:38,655 INFO     jinfeng    获取标题为<<权游全季 我有 想看的找我拿 微信healer1244197>>的项成功 ...
2018-02-11 11:17:38,658 INFO     jinfeng    获取标题为<<权利的游戏1~7季 免费全部发放>>的项成功 ...
2018-02-11 11:17:38,661 INFO     jinfeng    获取标题为<<看美剧的来！>>的项成功 ...
2018-02-11 11:17:38,664 INFO     jinfeng    获取标题为<<求权利游戏无删1～7季>>的项成功 ...
2018-02-11 11:17:38,667 INFO     jinfeng    获取标题为<<跪求好人权利的游戏高清，一生平安>>的项成功 ...
2018-02-11 11:17:38,671 INFO     jinfeng    获取标题为<<『资源共享』留名抱走>>的项成功 ...
2018-02-11 11:17:38,674 INFO     jinfeng    获取标题为<<求权利的游戏第四季第七级，我的资源坏了播放不了，谢谢老哥们了>>的项成功 ...
2018-02-11 11:17:38,677 INFO     jinfeng    获取标题为<<分享：按动漫大师分的动漫，宫崎骏，新海诚~按类型分的动漫，言情，动>>的项成功 ...
2018-02-11 11:17:38,680 INFO     jinfeng    获取标题为<<权利的游戏第六季 附加1～5季全集>>的项成功 ...
2018-02-11 11:17:38,684 INFO     jinfeng    获取标题为<<权力的游戏1-7季无删减。1080P。看楼下【图片】【图片】>>的项成功 ...
2018-02-11 11:17:38,687 INFO     jinfeng    获取标题为<<大写的仙！睫毛真的可以惊动一只眼>>的项成功 ...
2018-02-11 11:17:38,690 INFO     jinfeng    获取标题为<<权利的游戏，只有1到6季，高清未删减，有要的么>>的项成功 ...
2018-02-11 11:17:38,693 INFO     jinfeng    获取标题为<<权利的游戏超级好看啊啊啊啊这里有资源哈，找不到的私我给你>>的项成功 ...
2018-02-11 11:17:38,696 INFO     jinfeng    获取标题为<<来吧，尽情发挥吧👇👇👇>>的项成功 ...
2018-02-11 11:17:38,700 INFO     jinfeng    获取标题为<<分享：经典好看的电影，个人推出，喜欢的朋友可以进来看看。>>的项成功 ...
2018-02-11 11:17:38,703 INFO     jinfeng    获取标题为<<权利高清无删减需要的加lianghongkun123>>的项成功 ...
2018-02-11 11:17:38,706 INFO     jinfeng    获取标题为<<恳求吧务别删，一款手机都能玩的游戏，，，，>>的项成功 ...
2018-02-11 11:17:38,710 INFO     jinfeng    获取标题为<<权力的游戏1-7季无删减。1080P。看楼下【图片】【图片】>>的项成功 ...
2018-02-11 11:17:38,713 INFO     jinfeng    获取标题为<<有 1-7季高清无删减 中文字幕 吗？>>的项成功 ...
2018-02-11 11:17:38,714 INFO     jinfeng    获取标题为<<权利的游戏1-7季免费分享百分百免费~>>的项成功 ...
2018-02-11 11:17:38,717 INFO     jinfeng    获取标题为<<多会才能走第八季啊>>的项成功 ...
2018-02-11 11:17:38,721 INFO     jinfeng    获取标题为<<权力的游戏1-7季无删减。1080P。看楼下【图片】【图片】>>的项成功 ...
2018-02-11 11:17:38,724 INFO     jinfeng    获取标题为<<唉，大结局基本上都死光了。权利的游戏是个悲剧。hhh>>的项成功 ...
2018-02-11 11:17:38,730 INFO     jinfeng    获取标题为<<一句hoodor一生hood the door>>的项成功 ...
2018-02-11 11:17:38,733 INFO     jinfeng    获取标题为<<中性笔画…权利的游戏之——囧。>>的项成功 ...
2018-02-11 11:17:38,737 INFO     jinfeng    获取标题为<<泰温大人教英语>>的项成功 ...
2018-02-11 11:17:38,742 INFO     jinfeng    获取标题为<<权力的游戏1-7季无删减。1080P。看楼下【图片】【图片】>>的项成功 ...
2018-02-11 11:17:38,744 INFO     jinfeng    获取标题为<<权利多游戏免费分享加我百度云账号就是这个，打击👊影贩子>>的项成功 ...
2018-02-11 11:17:38,747 INFO     jinfeng    获取标题为<<第四季小恶魔为什么要杀雪伊啊！没看懂>>的项成功 ...
2018-02-11 11:17:38,750 INFO     jinfeng    获取标题为<<没有办法在大庭广众之下看权利游戏  还是无删减版的  袒×露>>的项成功 ...
2018-02-11 11:17:38,755 INFO     jinfeng    获取标题为<<可以吧>>的项成功 ...
2018-02-11 11:17:38,757 INFO     jinfeng    获取标题为<<分享：绝命时钟2:22✔ 不去影院就能享受，还等什么呢？来吧，懂你>>的项成功 ...
2018-02-11 11:17:38,760 INFO     jinfeng    获取标题为<<权力的游戏百度云>>的项成功 ...
2018-02-11 11:17:38,763 INFO     jinfeng    获取标题为<<如何免费不被套路的看到权利游戏1-7，1080P>>的项成功 ...
2018-02-11 11:17:38,766 INFO     jinfeng    获取标题为<<求权利的游戏资源，哪位大神发下>>的项成功 ...
2018-02-11 11:17:38,769 INFO     jinfeng    获取标题为<<求权利的游戏1-7季英文版剧本，学英语，谢谢😜>>的项成功 ...
2018-02-11 11:17:38,773 INFO     jinfeng    获取标题为<<看就要看未删减！！！我这有1-7哦>>的项成功 ...
2018-02-11 11:17:38,776 INFO     jinfeng    获取标题为<<权利的游戏一到七季要的加我>>的项成功 ...
2018-02-11 11:17:39,750 INFO     jinfeng    Python 返回URUL:http://tieba.baidu.com/f?kw=权利的游戏&ie=utf-8&pn=200  数据成功
2018-02-11 11:17:40,213 INFO     jinfeng    获取标题为<<权力的游戏🎈1~7季1080p超青🔥蓝 光🎈NO 删>>的项成功 ...
2018-02-11 11:17:40,217 INFO     jinfeng    获取标题为<<二楼>>的项成功 ...
2018-02-11 11:17:40,220 INFO     jinfeng    获取标题为<<权力的游戏1-7季无删减。1080P。看楼下>>的项成功 ...
2018-02-11 11:17:40,223 INFO     jinfeng    获取标题为<<权力的游戏1-7季无删减。1080P。不套路。看楼下哦>>的项成功 ...
2018-02-11 11:17:40,226 INFO     jinfeng    获取标题为<<红毒蛇奥伯伦和那个鸭子谁攻谁受啊>>的项成功 ...
2018-02-11 11:17:40,230 INFO     jinfeng    获取标题为<<权力的游戏高清无删减1-7季，无偿，不套路滴滴我>>的项成功 ...
2018-02-11 11:17:40,233 INFO     jinfeng    获取标题为<<权力的游戏1-7季无删减。1080P。看楼下【图片】【图片】>>的项成功 ...
2018-02-11 11:17:40,236 INFO     jinfeng    获取标题为<<准备发放一波福利  信的来  各种剧各种戏  配图无关>>的项成功 ...
2018-02-11 11:17:40,240 INFO     jinfeng    获取标题为<<冰原狼剑一一怎么样>>的项成功 ...
2018-02-11 11:17:40,243 INFO     jinfeng    获取标题为<<无套路，加微信秒发1到7季资源>>的项成功 ...
2018-02-11 11:17:40,246 INFO     jinfeng    获取标题为<<权利的游戏1-7。拿去不谢~见二楼链，接>>的项成功 ...
2018-02-11 11:17:40,250 INFO     jinfeng    获取标题为<<权利的游戏1-4季全   百度网盘BT下载，>>的项成功 ...
2018-02-11 11:17:40,253 INFO     jinfeng    获取标题为<<权力的游戏，图中的都有，拿去不谢>>的项成功 ...
2018-02-11 11:17:40,256 INFO     jinfeng    获取标题为<<【精】【资源帖】权游1-7全季高清蓝光>>的项成功 ...
2018-02-11 11:17:40,259 INFO     jinfeng    获取标题为<<福利贴，在下面👇留下你想看的，我帮找，可分享>>的项成功 ...
2018-02-11 11:17:40,263 INFO     jinfeng    获取标题为<<权力的游戏高清>>的项成功 ...
2018-02-11 11:17:40,266 INFO     jinfeng    获取标题为<<玛格丽皇后给祖母荆棘夫人一张画有玫瑰的纸是什么意思？>>的项成功 ...
2018-02-11 11:17:40,269 INFO     jinfeng    获取标题为<<emmm~如何决择呢>>的项成功 ...
2018-02-11 11:17:40,272 INFO     jinfeng    获取标题为<<无条件分享权利的游戏1-7>>的项成功 ...
2018-02-11 11:17:40,275 INFO     jinfeng    获取标题为<<权利的游戏1-7>>的项成功 ...
2018-02-11 11:17:40,279 INFO     jinfeng    获取标题为<<权利的游戏1-7季，要的留言>>的项成功 ...
2018-02-11 11:17:40,280 INFO     jinfeng    获取标题为<<原来一直照顾布兰的那个野人女人去哪里了啊？>>的项成功 ...
2018-02-11 11:17:40,285 INFO     jinfeng    获取标题为<<发几张冰与火之歌里面演员的美照哦~~>>的项成功 ...
2018-02-11 11:17:40,288 INFO     jinfeng    获取标题为<<第五季看完了～这是要出第六季的节奏啊>>的项成功 ...
2018-02-11 11:17:40,292 INFO     jinfeng    获取标题为<<类似支付宝的红包活动，一般累计可以得100-200左右>>的项成功 ...
2018-02-11 11:17:40,295 INFO     jinfeng    获取标题为<<敲黑板了，要资源的看过来啊、>>的项成功 ...
2018-02-11 11:17:40,298 INFO     jinfeng    获取标题为<<权力的游戏需要的宝宝进主页看简介贴吧不许放链接分享欧>>的项成功 ...
2018-02-11 11:17:40,302 INFO     jinfeng    获取标题为<<权利的游戏以及各种美剧哟打包给你们>>的项成功 ...
2018-02-11 11:17:40,305 INFO     jinfeng    获取标题为<<权力的游戏 无删减 超高清 喜欢的赶紧来>>的项成功 ...
2018-02-11 11:17:40,309 INFO     jinfeng    获取标题为<<权力的游戏1-7季无删减。1080P。看楼下【图片】【图片】>>的项成功 ...
2018-02-11 11:17:40,312 INFO     jinfeng    获取标题为<<真服。。。这么多给资源的？>>的项成功 ...
2018-02-11 11:17:40,315 INFO     jinfeng    获取标题为<<你不是条龙，你是一只臭佬>>的项成功 ...
2018-02-11 11:17:40,318 INFO     jinfeng    获取标题为<<有没有人去玩西部大陆，西部大陆是以前的老列王，没有龙语，龙晶>>的项成功 ...
2018-02-11 11:17:40,323 INFO     jinfeng    获取标题为<<最强美剧电影资源来袭～>>的项成功 ...
2018-02-11 11:17:40,326 INFO     jinfeng    获取标题为<<求龙妈和马王第一次见面的背景音乐！！>>的项成功 ...
2018-02-11 11:17:40,329 INFO     jinfeng    获取标题为<<权利的游戏1-7>>的项成功 ...
2018-02-11 11:17:40,332 INFO     jinfeng    获取标题为<<干死收费的>>的项成功 ...
2018-02-11 11:17:40,335 INFO     jinfeng    获取标题为<<权利的游戏1到7我给你💟💟>>的项成功 ...
2018-02-11 11:17:40,339 INFO     jinfeng    获取标题为<<这第八季剧透太扯淡了吧。这哥们都挂了啊>>的项成功 ...
2018-02-11 11:17:40,342 INFO     jinfeng    获取标题为<<刚看完第三集>>的项成功 ...
2018-02-11 11:17:40,345 INFO     jinfeng    获取标题为<<权利的游戏1-7季无删减版要的看下面评论👇🏻>>的项成功 ...
2018-02-11 11:17:40,348 INFO     jinfeng    获取标题为<<权利的游戏#>>的项成功 ...
2018-02-11 11:17:40,352 INFO     jinfeng    获取标题为<<权力的游戏1-7季无删减。1080P。看楼下【图片】【图片】>>的项成功 ...
2018-02-11 11:17:40,355 INFO     jinfeng    获取标题为<<乔佛里是谁杀的？>>的项成功 ...
2018-02-11 11:17:40,358 INFO     jinfeng    获取标题为<<无删减高清，权利的游戏！>>的项成功 ...
2018-02-11 11:17:40,359 INFO     jinfeng    标题为<<整理好了.未删减权力的游戏1-7季🌸献给吧友‼️>>的项输入到"百度贴吧_权利的游戏.txt"成功
2018-02-11 11:17:40,359 INFO     jinfeng    标题为<<【推荐】权利的游戏1--7！超清无删减！1080P！！不套路>>的项输入到"百度贴吧_权利的游戏.txt"成功
2018-02-11 11:17:40,359 INFO     jinfeng    标题为<<权L的游戏🎈7季全＋大电影，NO删Super清，>>的项输入到"百度贴吧_权利的游戏.txt"成功
2018-02-11 11:17:40,359 INFO     jinfeng    标题为<<【原创视频】保安大哥的大侠梦，习武十年终于成名了>>的项输入到"百度贴吧_权利的游戏.txt"成功
2018-02-11 11:17:40,361 INFO     jinfeng    标题为<<权利的游戏1--7！无删减！1080P！！>>的项输入到"百度贴吧_权利的游戏.txt"成功
2018-02-11 11:17:40,361 INFO     jinfeng    标题为<<权力的游戏七季全，超清无。删。减，中英双字幕>>的项输入到"百度贴吧_权利的游戏.txt"成功
2018-02-11 11:17:40,361 INFO     jinfeng    标题为<<【资源帖】权利的游戏『1----7』超！清！完！整。>>的项输入到"百度贴吧_权利的游戏.txt"成功
2018-02-11 11:17:40,361 INFO     jinfeng    标题为<<【原创视频】跪拜！逆天妹子开挂大盘点 !>>的项输入到"百度贴吧_权利的游戏.txt"成功
2018-02-11 11:17:40,361 INFO     jinfeng    标题为<<妈耶贴吧好乱,刚刚看完权力的游戏全季度未删减,叫我雷锋>>的项输入到"百度贴吧_权利的游戏.txt"成功
2018-02-11 11:17:40,361 INFO     jinfeng    标题为<<楼下家出事了。>>的项输入到"百度贴吧_权利的游戏.txt"成功
2018-02-11 11:17:40,361 INFO     jinfeng    标题为<<【推荐】权利的游戏1--7！无shan减！1080P！超请🥚进来qu>>的项输入到"百度贴吧_权利的游戏.txt"成功
2018-02-11 11:17:40,361 INFO     jinfeng    标题为<<【资源贴】权利的游戏1------7！！超清！无删！不套路二>>的项输入到"百度贴吧_权利的游戏.txt"成功
2018-02-11 11:17:40,361 INFO     jinfeng    标题为<<权力的游戏1--7季全集，超清无删减，中英字幕>>的项输入到"百度贴吧_权利的游戏.txt"成功
2018-02-11 11:17:40,361 INFO     jinfeng    标题为<<权利的游戏全，找Baidu云:海角此刻>>的项输入到"百度贴吧_权利的游戏.txt"成功
2018-02-11 11:17:40,361 INFO     jinfeng    标题为<<权利的游戏1-7无删超青都是1080的～戳>>的项输入到"百度贴吧_权利的游戏.txt"成功
2018-02-11 11:17:40,361 INFO     jinfeng    标题为<<【原创视频】涨姿势了，还可以这样吃鱼？简直太有才了>>的项输入到"百度贴吧_权利的游戏.txt"成功
2018-02-11 11:17:40,361 INFO     jinfeng    标题为<<权利的游戏 超清1️⃣0️⃣8️⃣0️⃣ 分享给吧友们 来🍃>>的项输入到"百度贴吧_权利的游戏.txt"成功
2018-02-11 11:17:40,361 INFO     jinfeng    标题为<<权力的游戏。1-7季。1080p。看楼下自娶【图片】>>的项输入到"百度贴吧_权利的游戏.txt"成功
2018-02-11 11:17:40,361 INFO     jinfeng    标题为<<《热血风云》公益新区 送Vip12 金庸卡牌闯关>>的项输入到"百度贴吧_权利的游戏.txt"成功
2018-02-11 11:17:40,361 INFO     jinfeng    标题为<<高清无删👍1～7👍中英双字幕👇戳一下👇在里面>>的项输入到"百度贴吧_权利的游戏.txt"成功
2018-02-11 11:17:40,362 INFO     jinfeng    标题为<<权利的游戏七季全！衣柜字幕组超清画质哦！>>的项输入到"百度贴吧_权利的游戏.txt"成功
2018-02-11 11:17:40,362 INFO     jinfeng    标题为<<权利的游戏1-7整理  不套路  看楼下>>的项输入到"百度贴吧_权利的游戏.txt"成功
2018-02-11 11:17:40,362 INFO     jinfeng    标题为<<退了>>的项输入到"百度贴吧_权利的游戏.txt"成功
2018-02-11 11:17:40,362 INFO     jinfeng    标题为<<You know nothing，Jon Snow！>>的项输入到"百度贴吧_权利的游戏.txt"成功
2018-02-11 11:17:40,362 INFO     jinfeng    标题为<<权利的游戏1～7季高清未删减哦，要看的来2喽>>的项输入到"百度贴吧_权利的游戏.txt"成功
2018-02-11 11:17:40,362 INFO     jinfeng    标题为<<权利的游戏1-7整理好啦，进来……>>的项输入到"百度贴吧_权利的游戏.txt"成功
2018-02-11 11:17:40,362 INFO     jinfeng    标题为<<权利的游戏1-7全有啦，想看的2楼>>的项输入到"百度贴吧_权利的游戏.txt"成功
2018-02-11 11:17:40,362 INFO     jinfeng    标题为<<权力的游戏。1-7季。1080p。未删。>>的项输入到"百度贴吧_权利的游戏.txt"成功
2018-02-11 11:17:40,362 INFO     jinfeng    标题为<<权利的游戏全>>的项输入到"百度贴吧_权利的游戏.txt"成功
2018-02-11 11:17:40,364 INFO     jinfeng    标题为<<【加粗】权利的游戏1-7公众电波兄免费获取>>的项输入到"百度贴吧_权利的游戏.txt"成功
2018-02-11 11:17:40,364 INFO     jinfeng    标题为<<权利的游戏1到7，整理好啦>>的项输入到"百度贴吧_权利的游戏.txt"成功
2018-02-11 11:17:40,364 INFO     jinfeng    标题为<<『权利的游戏』『超清👊🏻高清双版本』🍃分享给吧友『满足不同需>>的项输入到"百度贴吧_权利的游戏.txt"成功
2018-02-11 11:17:40,364 INFO     jinfeng    标题为<<刚刷完剧来说一下不知道有没有人说过的猜想，感觉瑟曦的还是要么>>的项输入到"百度贴吧_权利的游戏.txt"成功
2018-02-11 11:17:40,364 INFO     jinfeng    标题为<<【资源】权利的游戏 全套               下面免>>的项输入到"百度贴吧_权利的游戏.txt"成功
2018-02-11 11:17:40,364 INFO     jinfeng    标题为<<留个1,我发给你们吧,没收到的小伙伴们二楼滴滴,么么哒。>>的项输入到"百度贴吧_权利的游戏.txt"成功
2018-02-11 11:17:40,364 INFO     jinfeng    标题为<<权L的游戏🎈7季全未删减超清>>的项输入到"百度贴吧_权利的游戏.txt"成功
2018-02-11 11:17:40,364 INFO     jinfeng    标题为<<权利的游戏1-7未删减全>>的项输入到"百度贴吧_权利的游戏.txt"成功
2018-02-11 11:17:40,365 INFO     jinfeng    标题为<<龙妈的笑。。。>>的项输入到"百度贴吧_权利的游戏.txt"成功
2018-02-11 11:17:40,365 INFO     jinfeng    标题为<<权利的游戏7季全>>的项输入到"百度贴吧_权利的游戏.txt"成功
2018-02-11 11:17:40,365 INFO     jinfeng    标题为<<刚看完，比较震撼，谈谈古欧洲人与中国人之间的区别>>的项输入到"百度贴吧_权利的游戏.txt"成功
2018-02-11 11:17:40,365 INFO     jinfeng    标题为<<还有没看过的么，权利的游戏，第一到第七季超清～未见，要的看2>>的项输入到"百度贴吧_权利的游戏.txt"成功
2018-02-11 11:17:40,365 INFO     jinfeng    标题为<<权游七季资源，无偿！重申一遍无偿！！超清未删减七季，不加微⭐>>的项输入到"百度贴吧_权利的游戏.txt"成功
2018-02-11 11:17:40,365 INFO     jinfeng    标题为<<权利的游戏1-7衣柜字幕组。未删～看的找我>>的项输入到"百度贴吧_权利的游戏.txt"成功
2018-02-11 11:17:40,365 INFO     jinfeng    标题为<<[绝对免费]1-7季全，超清，无删 ，在线就发>>的项输入到"百度贴吧_权利的游戏.txt"成功
2018-02-11 11:17:40,365 INFO     jinfeng    标题为<<精心整理，权游1---7，高青，，no删，来拿啊>>的项输入到"百度贴吧_权利的游戏.txt"成功
2018-02-11 11:17:40,365 INFO     jinfeng    标题为<<权利游戏1-7全  想要的2楼自取>>的项输入到"百度贴吧_权利的游戏.txt"成功
2018-02-11 11:17:40,365 INFO     jinfeng    标题为<<🎬权力的游戏：征服与反抗>>的项输入到"百度贴吧_权利的游戏.txt"成功
2018-02-11 11:17:40,365 INFO     jinfeng    标题为<<权力的游戏1~6季高清未删减>>的项输入到"百度贴吧_权利的游戏.txt"成功
2018-02-11 11:17:40,365 INFO     jinfeng    标题为<<权利的游戏全>>的项输入到"百度贴吧_权利的游戏.txt"成功
2018-02-11 11:17:40,365 INFO     jinfeng    标题为<<权力的游戏1-7全集>>的项输入到"百度贴吧_权利的游戏.txt"成功
2018-02-11 11:17:40,365 INFO     jinfeng    标题为<<权利游戏1-7无删，看的来>>的项输入到"百度贴吧_权利的游戏.txt"成功
2018-02-11 11:17:40,365 INFO     jinfeng    标题为<<💟 💟权利的游戏【1------7】季超清无删减！>>的项输入到"百度贴吧_权利的游戏.txt"成功
2018-02-11 11:17:40,365 INFO     jinfeng    标题为<<权利的游戏🔥1~7季➕蓝光大电影🔥high清🔥NO删>>的项输入到"百度贴吧_权利的游戏.txt"成功
2018-02-11 11:17:40,367 INFO     jinfeng    标题为<<权利的游戏，1-7季，超清未删，二楼拿哈>>的项输入到"百度贴吧_权利的游戏.txt"成功
2018-02-11 11:17:40,367 INFO     jinfeng    标题为<<权利的游戏长期更新>>的项输入到"百度贴吧_权利的游戏.txt"成功
2018-02-11 11:17:40,367 INFO     jinfeng    标题为<<🍀权利的游戏💙1-7季💙高品质💙>>的项输入到"百度贴吧_权利的游戏.txt"成功
2018-02-11 11:17:40,367 INFO     jinfeng    标题为<<权利的YX1-7全超级无敌高清NB无删版！>>的项输入到"百度贴吧_权利的游戏.txt"成功
2018-02-11 11:17:40,367 INFO     jinfeng    标题为<<#权利的游戏#1-7季，高品质>>的项输入到"百度贴吧_权利的游戏.txt"成功
2018-02-11 11:17:40,367 INFO     jinfeng    标题为<<吧主干嘛的？这个吧除了加各种微信还有什么？这么好的剧不是大家>>的项输入到"百度贴吧_权利的游戏.txt"成功
2018-02-11 11:17:40,368 INFO     jinfeng    标题为<<【权利的游戏】高清免费资源全部都找到了，还不要钱你敢信？>>的项输入到"百度贴吧_权利的游戏.txt"成功
2018-02-11 11:17:40,368 INFO     jinfeng    标题为<<我是搬运工>>的项输入到"百度贴吧_权利的游戏.txt"成功
2018-02-11 11:17:40,368 INFO     jinfeng    标题为<<权利的游戏全>>的项输入到"百度贴吧_权利的游戏.txt"成功
2018-02-11 11:17:40,368 INFO     jinfeng    标题为<<权利的游戏高清无删减>>的项输入到"百度贴吧_权利的游戏.txt"成功
2018-02-11 11:17:40,368 INFO     jinfeng    标题为<<反正要删了，需要的可以分享>>的项输入到"百度贴吧_权利的游戏.txt"成功
2018-02-11 11:17:40,368 INFO     jinfeng    标题为<<分享：斯巴达克斯1-3季加前传！自取链接：https://pan.>>的项输入到"百度贴吧_权利的游戏.txt"成功
2018-02-11 11:17:40,368 INFO     jinfeng    标题为<<权游1-7 高青 快来拿走！！！>>的项输入到"百度贴吧_权利的游戏.txt"成功
2018-02-11 11:17:40,368 INFO     jinfeng    标题为<<#权利的游戏#1-7季，高品质无删减！>>的项输入到"百度贴吧_权利的游戏.txt"成功
2018-02-11 11:17:40,368 INFO     jinfeng    标题为<<权利的游戏番外剧有人看过吗，真的不错!>>的项输入到"百度贴吧_权利的游戏.txt"成功
2018-02-11 11:17:40,368 INFO     jinfeng    标题为<<权利的游戏>>的项输入到"百度贴吧_权利的游戏.txt"成功
2018-02-11 11:17:40,368 INFO     jinfeng    标题为<<我这对象怎么样，给评个分>>的项输入到"百度贴吧_权利的游戏.txt"成功
2018-02-11 11:17:40,368 INFO     jinfeng    标题为<<1-7，我我我>>的项输入到"百度贴吧_权利的游戏.txt"成功
2018-02-11 11:17:40,368 INFO     jinfeng    标题为<<权利的游戏1——7>>的项输入到"百度贴吧_权利的游戏.txt"成功
2018-02-11 11:17:40,368 INFO     jinfeng    标题为<<这有第七季>>的项输入到"百度贴吧_权利的游戏.txt"成功
2018-02-11 11:17:40,368 INFO     jinfeng    标题为<<权利的游戏，懂的进>>的项输入到"百度贴吧_权利的游戏.txt"成功
2018-02-11 11:17:40,368 INFO     jinfeng    标题为<<权利的游戏1-7。高青。无删。>>的项输入到"百度贴吧_权利的游戏.txt"成功
2018-02-11 11:17:40,368 INFO     jinfeng    标题为<<求这个高清壁纸 谢谢大佬们>>的项输入到"百度贴吧_权利的游戏.txt"成功
2018-02-11 11:17:40,368 INFO     jinfeng    标题为<<权利的游戏全>>的项输入到"百度贴吧_权利的游戏.txt"成功
2018-02-11 11:17:40,369 INFO     jinfeng    标题为<<龙母。。。。。。毁了。。。。>>的项输入到"百度贴吧_权利的游戏.txt"成功
2018-02-11 11:17:40,369 INFO     jinfeng    标题为<<【权力的游戏】1-6蓝光 无删>>的项输入到"百度贴吧_权利的游戏.txt"成功
2018-02-11 11:17:40,369 INFO     jinfeng    标题为<<《权利的游戏》第七季，第7集，琼恩.雪诺的身份是雷加.坦格利>>的项输入到"百度贴吧_权利的游戏.txt"成功
2018-02-11 11:17:40,369 INFO     jinfeng    标题为<<贴吧好乱啊。刚刚看完权力的游戏全季度未删减,我姓雷>>的项输入到"百度贴吧_权利的游戏.txt"成功
2018-02-11 11:17:40,369 INFO     jinfeng    标题为<<权利的游戏全>>的项输入到"百度贴吧_权利的游戏.txt"成功
2018-02-11 11:17:40,369 INFO     jinfeng    标题为<<权力的游戏。1-7季。1080p。看楼下自娶>>的项输入到"百度贴吧_权利的游戏.txt"成功
2018-02-11 11:17:40,369 INFO     jinfeng    标题为<<权利的游戏，1-7季，超清未删，二楼拿哦>>的项输入到"百度贴吧_权利的游戏.txt"成功
2018-02-11 11:17:40,371 INFO     jinfeng    标题为<<权利的游戏，1-7季，超清未删，二楼拿>>的项输入到"百度贴吧_权利的游戏.txt"成功
2018-02-11 11:17:40,371 INFO     jinfeng    标题为<<权游1-7+小说免费放送！！！！！方式👇👇>>的项输入到"百度贴吧_权利的游戏.txt"成功
2018-02-11 11:17:40,371 INFO     jinfeng    标题为<<一起来看嘛>>的项输入到"百度贴吧_权利的游戏.txt"成功
2018-02-11 11:17:40,371 INFO     jinfeng    标题为<<萌新刚看完电视剧第七季想补原作小说该从第几卷开始看>>的项输入到"百度贴吧_权利的游戏.txt"成功
2018-02-11 11:17:40,371 INFO     jinfeng    标题为<<我是来放第七季资源的  不用加威信>>的项输入到"百度贴吧_权利的游戏.txt"成功
2018-02-11 11:17:40,371 INFO     jinfeng    标题为<<权利游戏，1080p完整，1-7季看了，真的好看也～～楼下哈>>的项输入到"百度贴吧_权利的游戏.txt"成功
2018-02-11 11:17:40,371 INFO     jinfeng    标题为<<都看完啦，要的来找我>>的项输入到"百度贴吧_权利的游戏.txt"成功
2018-02-11 11:17:40,371 INFO     jinfeng    标题为<<权利的游戏全>>的项输入到"百度贴吧_权利的游戏.txt"成功
2018-02-11 11:17:40,371 INFO     jinfeng    标题为<<权利的游戏>>的项输入到"百度贴吧_权利的游戏.txt"成功
2018-02-11 11:17:40,371 INFO     jinfeng    标题为<<权力的游戏。1-7季。1080p。看楼下>>的项输入到"百度贴吧_权利的游戏.txt"成功
2018-02-11 11:17:40,371 INFO     jinfeng    标题为<<权利的游戏1-6无删减资源>>的项输入到"百度贴吧_权利的游戏.txt"成功
2018-02-11 11:17:40,371 INFO     jinfeng    标题为<<用瑟曦的脑袋喝酒>>的项输入到"百度贴吧_权利的游戏.txt"成功
2018-02-11 11:17:40,371 INFO     jinfeng    标题为<<权力的游戏太好看啦  已经全部整理好1-7全二楼地址哦  要>>的项输入到"百度贴吧_权利的游戏.txt"成功
2018-02-11 11:17:40,371 INFO     jinfeng    标题为<<想看拿走>>的项输入到"百度贴吧_权利的游戏.txt"成功
2018-02-11 11:17:40,371 INFO     jinfeng    标题为<<《权利的游戏》>>的项输入到"百度贴吧_权利的游戏.txt"成功
2018-02-11 11:17:40,371 INFO     jinfeng    标题为<<权力的游戏。1-7季。1080p。未删。【图片】【图片】>>的项输入到"百度贴吧_权利的游戏.txt"成功
2018-02-11 11:17:40,371 INFO     jinfeng    标题为<<[福利]权利的游戏1-7季未删减版，二楼拿>>的项输入到"百度贴吧_权利的游戏.txt"成功
2018-02-11 11:17:40,372 INFO     jinfeng    标题为<<权利的游戏1-7季全 无删减>>的项输入到"百度贴吧_权利的游戏.txt"成功
2018-02-11 11:17:40,372 INFO     jinfeng    标题为<<权力的游戏。1-7季。1080p。未删。【图片】>>的项输入到"百度贴吧_权利的游戏.txt"成功
2018-02-11 11:17:40,372 INFO     jinfeng    标题为<<权利的游戏真的好看，1-7季我都有啊。要回顾的小伙伴请看楼下>>的项输入到"百度贴吧_权利的游戏.txt"成功
2018-02-11 11:17:40,372 INFO     jinfeng    标题为<<【权利的游戏】1-7无删减超清，中文字幕。>>的项输入到"百度贴吧_权利的游戏.txt"成功
2018-02-11 11:17:40,372 INFO     jinfeng    标题为<<（1-7）权利的游戏👇超青👇无删>>的项输入到"百度贴吧_权利的游戏.txt"成功
2018-02-11 11:17:40,374 INFO     jinfeng    标题为<<测>>的项输入到"百度贴吧_权利的游戏.txt"成功
2018-02-11 11:17:40,374 INFO     jinfeng    标题为<<权利游戏权利无删减版哦>>的项输入到"百度贴吧_权利的游戏.txt"成功
2018-02-11 11:17:40,374 INFO     jinfeng    标题为<<多余一张敬业福，打开支付宝首页搜索“968464”，即可领取>>的项输入到"百度贴吧_权利的游戏.txt"成功
2018-02-11 11:17:40,374 INFO     jinfeng    标题为<<权利的游戏，1-7季全，超清无删，二楼拿哈>>的项输入到"百度贴吧_权利的游戏.txt"成功
2018-02-11 11:17:40,374 INFO     jinfeng    标题为<<权利游戏❤超清完整版>>的项输入到"百度贴吧_权利的游戏.txt"成功
2018-02-11 11:17:40,374 INFO     jinfeng    标题为<<权利的游戏1-7无删减>>的项输入到"百度贴吧_权利的游戏.txt"成功
2018-02-11 11:17:40,374 INFO     jinfeng    标题为<<权力的游戏。1-7季。1080p。未删。>>的项输入到"百度贴吧_权利的游戏.txt"成功
2018-02-11 11:17:40,374 INFO     jinfeng    标题为<<资源贴(权利的游戏)第七季，无删版>>的项输入到"百度贴吧_权利的游戏.txt"成功
2018-02-11 11:17:40,375 INFO     jinfeng    标题为<<权利的游戏1～7季高清未删减哦>>的项输入到"百度贴吧_权利的游戏.txt"成功
2018-02-11 11:17:40,375 INFO     jinfeng    标题为<<推荐一部和权游相似类型的美剧给你们>>的项输入到"百度贴吧_权利的游戏.txt"成功
2018-02-11 11:17:40,375 INFO     jinfeng    标题为<<权利的游戏1-7集 未删减！！免费 ！！无偿分享 加我就发🐸>>的项输入到"百度贴吧_权利的游戏.txt"成功
2018-02-11 11:17:40,375 INFO     jinfeng    标题为<<权利的游戏  1--7季 滴滴>>的项输入到"百度贴吧_权利的游戏.txt"成功
2018-02-11 11:17:40,375 INFO     jinfeng    标题为<<权利的游戏1-7全字幕无删减  要的来>>的项输入到"百度贴吧_权利的游戏.txt"成功
2018-02-11 11:17:40,375 INFO     jinfeng    标题为<<权利的游戏，超～清，无～删第一到第七季>>的项输入到"百度贴吧_权利的游戏.txt"成功
2018-02-11 11:17:40,375 INFO     jinfeng    标题为<<权力的游戏。1-7季。1080p。未删。>>的项输入到"百度贴吧_权利的游戏.txt"成功
2018-02-11 11:17:40,375 INFO     jinfeng    标题为<<权力的游戏。1-7季。1080p。未删。>>的项输入到"百度贴吧_权利的游戏.txt"成功
2018-02-11 11:17:40,375 INFO     jinfeng    标题为<<【征服与反抗】1-7超清无删减++前传>>的项输入到"百度贴吧_权利的游戏.txt"成功
2018-02-11 11:17:40,375 INFO     jinfeng    标题为<<维斯特洛的前世今生：权利的游戏征服与反抗>>的项输入到"百度贴吧_权利的游戏.txt"成功
2018-02-11 11:17:40,375 INFO     jinfeng    标题为<<1-7无删减>>的项输入到"百度贴吧_权利的游戏.txt"成功
2018-02-11 11:17:40,375 INFO     jinfeng    标题为<<#权利的游戏#1-7超清无删减，中英双字幕>>的项输入到"百度贴吧_权利的游戏.txt"成功
2018-02-11 11:17:40,375 INFO     jinfeng    标题为<<权利的游戏1-7超清无删减，中英双字幕>>的项输入到"百度贴吧_权利的游戏.txt"成功
2018-02-11 11:17:40,375 INFO     jinfeng    标题为<<没想到君临真的飘起了雪…The winter is comi>>的项输入到"百度贴吧_权利的游戏.txt"成功
2018-02-11 11:17:40,375 INFO     jinfeng    标题为<<kingslanding>>的项输入到"百度贴吧_权利的游戏.txt"成功
2018-02-11 11:17:40,375 INFO     jinfeng    标题为<<让你看看红毒蛇奥伯伦究竟多牛掰>>的项输入到"百度贴吧_权利的游戏.txt"成功
2018-02-11 11:17:40,375 INFO     jinfeng    标题为<<一只火龙胜过千军万马，有木有>>的项输入到"百度贴吧_权利的游戏.txt"成功
2018-02-11 11:17:40,375 INFO     jinfeng    标题为<<权利的游戏1-7 要的来白取哈>>的项输入到"百度贴吧_权利的游戏.txt"成功
2018-02-11 11:17:40,377 INFO     jinfeng    标题为<<权力的游戏1-7季无删减。1080P。看楼下>>的项输入到"百度贴吧_权利的游戏.txt"成功
2018-02-11 11:17:40,377 INFO     jinfeng    标题为<<《权利的游戏》1-7>>的项输入到"百度贴吧_权利的游戏.txt"成功
2018-02-11 11:17:40,377 INFO     jinfeng    标题为<<半人万岁>>的项输入到"百度贴吧_权利的游戏.txt"成功
2018-02-11 11:17:40,377 INFO     jinfeng    标题为<<求权利的游戏全集网盘资源>>的项输入到"百度贴吧_权利的游戏.txt"成功
2018-02-11 11:17:40,377 INFO     jinfeng    标题为<<权力的游戏。1-7季。1080p。未删。>>的项输入到"百度贴吧_权利的游戏.txt"成功
2018-02-11 11:17:40,377 INFO     jinfeng    标题为<<权力的游戏1-7季无删减。看楼下【图片】【图片】【图片】【图>>的项输入到"百度贴吧_权利的游戏.txt"成功
2018-02-11 11:17:40,377 INFO     jinfeng    标题为<<权利的游戏1-7全集高清无删，喜欢进>>的项输入到"百度贴吧_权利的游戏.txt"成功
2018-02-11 11:17:40,377 INFO     jinfeng    标题为<<权利的游戏1－7有免费的吗兄弟姐妹们，加我chen27308>>的项输入到"百度贴吧_权利的游戏.txt"成功
2018-02-11 11:17:40,378 INFO     jinfeng    标题为<<无偿分享，链接哦>>的项输入到"百度贴吧_权利的游戏.txt"成功
2018-02-11 11:17:40,378 INFO     jinfeng    标题为<<万能的吧友们，请问什么第几季寒冬会来，异鬼侵袭？等的好心酸>>的项输入到"百度贴吧_权利的游戏.txt"成功
2018-02-11 11:17:40,378 INFO     jinfeng    标题为<<这是啥节目呀>>的项输入到"百度贴吧_权利的游戏.txt"成功
2018-02-11 11:17:40,378 INFO     jinfeng    标题为<<龙母不能输，靠大家了~>>的项输入到"百度贴吧_权利的游戏.txt"成功
2018-02-11 11:17:40,378 INFO     jinfeng    标题为<<求未删减版权利的游戏，可有偿>>的项输入到"百度贴吧_权利的游戏.txt"成功
2018-02-11 11:17:40,378 INFO     jinfeng    标题为<<关于第八季，网上的爆料是否真实？>>的项输入到"百度贴吧_权利的游戏.txt"成功
2018-02-11 11:17:40,378 INFO     jinfeng    标题为<<权利的游戏1-7要的来拿>>的项输入到"百度贴吧_权利的游戏.txt"成功
2018-02-11 11:17:40,378 INFO     jinfeng    标题为<<权利全集>>的项输入到"百度贴吧_权利的游戏.txt"成功
2018-02-11 11:17:40,378 INFO     jinfeng    标题为<<各位大神把你们收藏的权游高清壁纸都发出来吧，我想做个相册挂在>>的项输入到"百度贴吧_权利的游戏.txt"成功
2018-02-11 11:17:40,378 INFO     jinfeng    标题为<<权力的游戏，高 。清，无删。>>的项输入到"百度贴吧_权利的游戏.txt"成功
2018-02-11 11:17:40,378 INFO     jinfeng    标题为<<权力的游戏1-7季无删减。1080P。看楼下【图片】【图片】>>的项输入到"百度贴吧_权利的游戏.txt"成功
2018-02-11 11:17:40,378 INFO     jinfeng    标题为<<权游全季 我有 想看的找我拿 微信healer1244197>>的项输入到"百度贴吧_权利的游戏.txt"成功
2018-02-11 11:17:40,378 INFO     jinfeng    标题为<<权利的游戏1~7季 免费全部发放>>的项输入到"百度贴吧_权利的游戏.txt"成功
2018-02-11 11:17:40,378 INFO     jinfeng    标题为<<看美剧的来！>>的项输入到"百度贴吧_权利的游戏.txt"成功
2018-02-11 11:17:40,378 INFO     jinfeng    标题为<<求权利游戏无删1～7季>>的项输入到"百度贴吧_权利的游戏.txt"成功
2018-02-11 11:17:40,380 INFO     jinfeng    标题为<<跪求好人权利的游戏高清，一生平安>>的项输入到"百度贴吧_权利的游戏.txt"成功
2018-02-11 11:17:40,380 INFO     jinfeng    标题为<<『资源共享』留名抱走>>的项输入到"百度贴吧_权利的游戏.txt"成功
2018-02-11 11:17:40,380 INFO     jinfeng    标题为<<求权利的游戏第四季第七级，我的资源坏了播放不了，谢谢老哥们了>>的项输入到"百度贴吧_权利的游戏.txt"成功
2018-02-11 11:17:40,380 INFO     jinfeng    标题为<<分享：按动漫大师分的动漫，宫崎骏，新海诚~按类型分的动漫，言情，动>>的项输入到"百度贴吧_权利的游戏.txt"成功
2018-02-11 11:17:40,380 INFO     jinfeng    标题为<<权利的游戏第六季 附加1～5季全集>>的项输入到"百度贴吧_权利的游戏.txt"成功
2018-02-11 11:17:40,380 INFO     jinfeng    标题为<<权力的游戏1-7季无删减。1080P。看楼下【图片】【图片】>>的项输入到"百度贴吧_权利的游戏.txt"成功
2018-02-11 11:17:40,380 INFO     jinfeng    标题为<<大写的仙！睫毛真的可以惊动一只眼>>的项输入到"百度贴吧_权利的游戏.txt"成功
2018-02-11 11:17:40,380 INFO     jinfeng    标题为<<权利的游戏，只有1到6季，高清未删减，有要的么>>的项输入到"百度贴吧_权利的游戏.txt"成功
2018-02-11 11:17:40,381 INFO     jinfeng    标题为<<权利的游戏超级好看啊啊啊啊这里有资源哈，找不到的私我给你>>的项输入到"百度贴吧_权利的游戏.txt"成功
2018-02-11 11:17:40,381 INFO     jinfeng    标题为<<来吧，尽情发挥吧👇👇👇>>的项输入到"百度贴吧_权利的游戏.txt"成功
2018-02-11 11:17:40,381 INFO     jinfeng    标题为<<分享：经典好看的电影，个人推出，喜欢的朋友可以进来看看。>>的项输入到"百度贴吧_权利的游戏.txt"成功
2018-02-11 11:17:40,381 INFO     jinfeng    标题为<<权利高清无删减需要的加lianghongkun123>>的项输入到"百度贴吧_权利的游戏.txt"成功
2018-02-11 11:17:40,381 INFO     jinfeng    标题为<<恳求吧务别删，一款手机都能玩的游戏，，，，>>的项输入到"百度贴吧_权利的游戏.txt"成功
2018-02-11 11:17:40,381 INFO     jinfeng    标题为<<权力的游戏1-7季无删减。1080P。看楼下【图片】【图片】>>的项输入到"百度贴吧_权利的游戏.txt"成功
2018-02-11 11:17:40,381 INFO     jinfeng    标题为<<有 1-7季高清无删减 中文字幕 吗？>>的项输入到"百度贴吧_权利的游戏.txt"成功
2018-02-11 11:17:40,381 INFO     jinfeng    标题为<<权利的游戏1-7季免费分享百分百免费~>>的项输入到"百度贴吧_权利的游戏.txt"成功
2018-02-11 11:17:40,381 INFO     jinfeng    标题为<<多会才能走第八季啊>>的项输入到"百度贴吧_权利的游戏.txt"成功
2018-02-11 11:17:40,381 INFO     jinfeng    标题为<<权力的游戏1-7季无删减。1080P。看楼下【图片】【图片】>>的项输入到"百度贴吧_权利的游戏.txt"成功
2018-02-11 11:17:40,381 INFO     jinfeng    标题为<<唉，大结局基本上都死光了。权利的游戏是个悲剧。hhh>>的项输入到"百度贴吧_权利的游戏.txt"成功
2018-02-11 11:17:40,381 INFO     jinfeng    标题为<<一句hoodor一生hood the door>>的项输入到"百度贴吧_权利的游戏.txt"成功
2018-02-11 11:17:40,381 INFO     jinfeng    标题为<<中性笔画…权利的游戏之——囧。>>的项输入到"百度贴吧_权利的游戏.txt"成功
2018-02-11 11:17:40,381 INFO     jinfeng    标题为<<泰温大人教英语>>的项输入到"百度贴吧_权利的游戏.txt"成功
2018-02-11 11:17:40,381 INFO     jinfeng    标题为<<权力的游戏1-7季无删减。1080P。看楼下【图片】【图片】>>的项输入到"百度贴吧_权利的游戏.txt"成功
2018-02-11 11:17:40,381 INFO     jinfeng    标题为<<权利多游戏免费分享加我百度云账号就是这个，打击👊影贩子>>的项输入到"百度贴吧_权利的游戏.txt"成功
2018-02-11 11:17:40,381 INFO     jinfeng    标题为<<第四季小恶魔为什么要杀雪伊啊！没看懂>>的项输入到"百度贴吧_权利的游戏.txt"成功
2018-02-11 11:17:40,381 INFO     jinfeng    标题为<<没有办法在大庭广众之下看权利游戏  还是无删减版的  袒×露>>的项输入到"百度贴吧_权利的游戏.txt"成功
2018-02-11 11:17:40,382 INFO     jinfeng    标题为<<可以吧>>的项输入到"百度贴吧_权利的游戏.txt"成功
2018-02-11 11:17:40,382 INFO     jinfeng    标题为<<分享：绝命时钟2:22✔ 不去影院就能享受，还等什么呢？来吧，懂你>>的项输入到"百度贴吧_权利的游戏.txt"成功
2018-02-11 11:17:40,382 INFO     jinfeng    标题为<<权力的游戏百度云>>的项输入到"百度贴吧_权利的游戏.txt"成功
2018-02-11 11:17:40,382 INFO     jinfeng    标题为<<如何免费不被套路的看到权利游戏1-7，1080P>>的项输入到"百度贴吧_权利的游戏.txt"成功
2018-02-11 11:17:40,382 INFO     jinfeng    标题为<<求权利的游戏资源，哪位大神发下>>的项输入到"百度贴吧_权利的游戏.txt"成功
2018-02-11 11:17:40,382 INFO     jinfeng    标题为<<求权利的游戏1-7季英文版剧本，学英语，谢谢😜>>的项输入到"百度贴吧_权利的游戏.txt"成功
2018-02-11 11:17:40,382 INFO     jinfeng    标题为<<看就要看未删减！！！我这有1-7哦>>的项输入到"百度贴吧_权利的游戏.txt"成功
2018-02-11 11:17:40,382 INFO     jinfeng    标题为<<权利的游戏一到七季要的加我>>的项输入到"百度贴吧_权利的游戏.txt"成功
2018-02-11 11:17:40,384 INFO     jinfeng    标题为<<权力的游戏🎈1~7季1080p超青🔥蓝 光🎈NO 删>>的项输入到"百度贴吧_权利的游戏.txt"成功
2018-02-11 11:17:40,384 INFO     jinfeng    标题为<<二楼>>的项输入到"百度贴吧_权利的游戏.txt"成功
2018-02-11 11:17:40,384 INFO     jinfeng    标题为<<权力的游戏1-7季无删减。1080P。看楼下>>的项输入到"百度贴吧_权利的游戏.txt"成功
2018-02-11 11:17:40,384 INFO     jinfeng    标题为<<权力的游戏1-7季无删减。1080P。不套路。看楼下哦>>的项输入到"百度贴吧_权利的游戏.txt"成功
2018-02-11 11:17:40,384 INFO     jinfeng    标题为<<红毒蛇奥伯伦和那个鸭子谁攻谁受啊>>的项输入到"百度贴吧_权利的游戏.txt"成功
2018-02-11 11:17:40,384 INFO     jinfeng    标题为<<权力的游戏高清无删减1-7季，无偿，不套路滴滴我>>的项输入到"百度贴吧_权利的游戏.txt"成功
2018-02-11 11:17:40,384 INFO     jinfeng    标题为<<权力的游戏1-7季无删减。1080P。看楼下【图片】【图片】>>的项输入到"百度贴吧_权利的游戏.txt"成功
2018-02-11 11:17:40,384 INFO     jinfeng    标题为<<准备发放一波福利  信的来  各种剧各种戏  配图无关>>的项输入到"百度贴吧_权利的游戏.txt"成功
2018-02-11 11:17:40,384 INFO     jinfeng    标题为<<冰原狼剑一一怎么样>>的项输入到"百度贴吧_权利的游戏.txt"成功
2018-02-11 11:17:40,384 INFO     jinfeng    标题为<<无套路，加微信秒发1到7季资源>>的项输入到"百度贴吧_权利的游戏.txt"成功
2018-02-11 11:17:40,384 INFO     jinfeng    标题为<<权利的游戏1-7。拿去不谢~见二楼链，接>>的项输入到"百度贴吧_权利的游戏.txt"成功
2018-02-11 11:17:40,384 INFO     jinfeng    标题为<<权利的游戏1-4季全   百度网盘BT下载，>>的项输入到"百度贴吧_权利的游戏.txt"成功
2018-02-11 11:17:40,384 INFO     jinfeng    标题为<<权力的游戏，图中的都有，拿去不谢>>的项输入到"百度贴吧_权利的游戏.txt"成功
2018-02-11 11:17:40,384 INFO     jinfeng    标题为<<【精】【资源帖】权游1-7全季高清蓝光>>的项输入到"百度贴吧_权利的游戏.txt"成功
2018-02-11 11:17:40,384 INFO     jinfeng    标题为<<福利贴，在下面👇留下你想看的，我帮找，可分享>>的项输入到"百度贴吧_权利的游戏.txt"成功
2018-02-11 11:17:40,384 INFO     jinfeng    标题为<<权力的游戏高清>>的项输入到"百度贴吧_权利的游戏.txt"成功
2018-02-11 11:17:40,384 INFO     jinfeng    标题为<<玛格丽皇后给祖母荆棘夫人一张画有玫瑰的纸是什么意思？>>的项输入到"百度贴吧_权利的游戏.txt"成功
2018-02-11 11:17:40,385 INFO     jinfeng    标题为<<emmm~如何决择呢>>的项输入到"百度贴吧_权利的游戏.txt"成功
2018-02-11 11:17:40,385 INFO     jinfeng    标题为<<无条件分享权利的游戏1-7>>的项输入到"百度贴吧_权利的游戏.txt"成功
2018-02-11 11:17:40,385 INFO     jinfeng    标题为<<权利的游戏1-7>>的项输入到"百度贴吧_权利的游戏.txt"成功
2018-02-11 11:17:40,385 INFO     jinfeng    标题为<<权利的游戏1-7季，要的留言>>的项输入到"百度贴吧_权利的游戏.txt"成功
2018-02-11 11:17:40,385 INFO     jinfeng    标题为<<原来一直照顾布兰的那个野人女人去哪里了啊？>>的项输入到"百度贴吧_权利的游戏.txt"成功
2018-02-11 11:17:40,385 INFO     jinfeng    标题为<<发几张冰与火之歌里面演员的美照哦~~>>的项输入到"百度贴吧_权利的游戏.txt"成功
2018-02-11 11:17:40,385 INFO     jinfeng    标题为<<第五季看完了～这是要出第六季的节奏啊>>的项输入到"百度贴吧_权利的游戏.txt"成功
2018-02-11 11:17:40,385 INFO     jinfeng    标题为<<类似支付宝的红包活动，一般累计可以得100-200左右>>的项输入到"百度贴吧_权利的游戏.txt"成功
2018-02-11 11:17:40,387 INFO     jinfeng    标题为<<敲黑板了，要资源的看过来啊、>>的项输入到"百度贴吧_权利的游戏.txt"成功
2018-02-11 11:17:40,387 INFO     jinfeng    标题为<<权力的游戏需要的宝宝进主页看简介贴吧不许放链接分享欧>>的项输入到"百度贴吧_权利的游戏.txt"成功
2018-02-11 11:17:40,387 INFO     jinfeng    标题为<<权利的游戏以及各种美剧哟打包给你们>>的项输入到"百度贴吧_权利的游戏.txt"成功
2018-02-11 11:17:40,387 INFO     jinfeng    标题为<<权力的游戏 无删减 超高清 喜欢的赶紧来>>的项输入到"百度贴吧_权利的游戏.txt"成功
2018-02-11 11:17:40,387 INFO     jinfeng    标题为<<权力的游戏1-7季无删减。1080P。看楼下【图片】【图片】>>的项输入到"百度贴吧_权利的游戏.txt"成功
2018-02-11 11:17:40,387 INFO     jinfeng    标题为<<真服。。。这么多给资源的？>>的项输入到"百度贴吧_权利的游戏.txt"成功
2018-02-11 11:17:40,387 INFO     jinfeng    标题为<<你不是条龙，你是一只臭佬>>的项输入到"百度贴吧_权利的游戏.txt"成功
2018-02-11 11:17:40,387 INFO     jinfeng    标题为<<有没有人去玩西部大陆，西部大陆是以前的老列王，没有龙语，龙晶>>的项输入到"百度贴吧_权利的游戏.txt"成功
2018-02-11 11:17:40,387 INFO     jinfeng    标题为<<最强美剧电影资源来袭～>>的项输入到"百度贴吧_权利的游戏.txt"成功
2018-02-11 11:17:40,388 INFO     jinfeng    标题为<<求龙妈和马王第一次见面的背景音乐！！>>的项输入到"百度贴吧_权利的游戏.txt"成功
2018-02-11 11:17:40,388 INFO     jinfeng    标题为<<权利的游戏1-7>>的项输入到"百度贴吧_权利的游戏.txt"成功
2018-02-11 11:17:40,388 INFO     jinfeng    标题为<<干死收费的>>的项输入到"百度贴吧_权利的游戏.txt"成功
2018-02-11 11:17:40,388 INFO     jinfeng    标题为<<权利的游戏1到7我给你💟💟>>的项输入到"百度贴吧_权利的游戏.txt"成功
2018-02-11 11:17:40,388 INFO     jinfeng    标题为<<这第八季剧透太扯淡了吧。这哥们都挂了啊>>的项输入到"百度贴吧_权利的游戏.txt"成功
2018-02-11 11:17:40,388 INFO     jinfeng    标题为<<刚看完第三集>>的项输入到"百度贴吧_权利的游戏.txt"成功
2018-02-11 11:17:40,388 INFO     jinfeng    标题为<<权利的游戏1-7季无删减版要的看下面评论👇🏻>>的项输入到"百度贴吧_权利的游戏.txt"成功
2018-02-11 11:17:40,388 INFO     jinfeng    标题为<<权利的游戏#>>的项输入到"百度贴吧_权利的游戏.txt"成功
2018-02-11 11:17:40,388 INFO     jinfeng    标题为<<权力的游戏1-7季无删减。1080P。看楼下【图片】【图片】>>的项输入到"百度贴吧_权利的游戏.txt"成功
2018-02-11 11:17:40,388 INFO     jinfeng    标题为<<乔佛里是谁杀的？>>的项输入到"百度贴吧_权利的游戏.txt"成功
2018-02-11 11:17:40,388 INFO     jinfeng    标题为<<无删减高清，权利的游戏！>>的项输入到"百度贴吧_权利的游戏.txt"成功
2018-02-11 14:52:43,673 INFO     jinfeng    获取URLS成功    
2018-02-11 14:52:45,746 INFO     jinfeng    Python 返回URUL:http://tieba.baidu.com/f?kw=权利的游戏&ie=utf-8&pn=0  数据成功
2018-02-11 14:52:46,516 INFO     jinfeng    获取标题为<<整理好了.未删减权力的游戏1-7季🌸献给吧友‼️>>的项成功 ...
2018-02-11 14:52:46,526 INFO     jinfeng    获取标题为<<权利的游戏1--7！无删减！1080P！！>>的项成功 ...
2018-02-11 14:52:46,533 INFO     jinfeng    获取标题为<<权L的游戏🎈7季全＋大电影，NO删Super清，>>的项成功 ...
2018-02-11 14:52:46,543 INFO     jinfeng    获取标题为<<【推荐】权利的游戏1--7！超清无删减！1080P！！不套路>>的项成功 ...
2018-02-11 14:52:46,552 INFO     jinfeng    获取标题为<<【资源帖】权利的游戏『1----7』超！清！完！整。>>的项成功 ...
2018-02-11 14:52:46,565 INFO     jinfeng    获取标题为<<【资源贴】权利的游戏1------7！！超清！无删！不套路二>>的项成功 ...
2018-02-11 14:52:46,575 INFO     jinfeng    获取标题为<<权力的游戏1--7季全集，超清无删减，中英字幕>>的项成功 ...
2018-02-11 14:52:46,584 INFO     jinfeng    获取标题为<<权力的游戏七季全，超清无。删。减，中英双字幕>>的项成功 ...
2018-02-11 14:52:46,592 INFO     jinfeng    获取标题为<<『权游1～7』✨1️⃣0️⃣8️⃣0️⃣✨『分享给吧友』来领>>的项成功 ...
2018-02-11 14:52:46,601 INFO     jinfeng    获取标题为<<妈耶贴吧好乱,刚刚看完权力的游戏全季度未删减,叫我雷锋>>的项成功 ...
2018-02-11 14:52:46,611 INFO     jinfeng    获取标题为<<楼下家出事了。>>的项成功 ...
2018-02-11 14:52:46,621 INFO     jinfeng    获取标题为<<泰温大人教英语>>的项成功 ...
2018-02-11 14:52:46,631 INFO     jinfeng    获取标题为<<【原创视频】涨姿势了，还可以这样吃鱼？简直太有才了>>的项成功 ...
2018-02-11 14:52:46,640 INFO     jinfeng    获取标题为<<[绝对免费]1-7季全，超清，无删 ，在线就发>>的项成功 ...
2018-02-11 14:52:46,648 INFO     jinfeng    获取标题为<<权利的游戏全，找Baidu云:海角此刻>>的项成功 ...
2018-02-11 14:52:46,660 INFO     jinfeng    获取标题为<<【原创视频】保安大哥的大侠梦，习武十年终于成名了>>的项成功 ...
2018-02-11 14:52:46,673 INFO     jinfeng    获取标题为<<【原创视频】跪拜！逆天妹子开挂大盘点 !>>的项成功 ...
2018-02-11 14:52:46,683 INFO     jinfeng    获取标题为<<权利的游戏长期更新>>的项成功 ...
2018-02-11 14:52:46,694 INFO     jinfeng    获取标题为<<【推荐】权利的游戏1--7！无shan减！1080P！超请🥚进来qu>>的项成功 ...
2018-02-11 14:52:46,703 INFO     jinfeng    获取标题为<<分享：绝命时钟2:22✔ 不去影院就能享受，还等什么呢？来吧，懂你>>的项成功 ...
2018-02-11 14:52:46,713 INFO     jinfeng    获取标题为<<准备开始看了~>>的项成功 ...
2018-02-11 14:52:46,723 INFO     jinfeng    获取标题为<<权利的游戏1到7，整理好啦>>的项成功 ...
2018-02-11 14:52:46,732 INFO     jinfeng    获取标题为<<《热血风云》公益新区 送Vip12 金庸卡牌闯关>>的项成功 ...
2018-02-11 14:52:46,744 INFO     jinfeng    获取标题为<<『权利🍃游戏』1️⃣0️⃣8️⃣0️⃣ 喜欢🎁 『分享💋吧友>>的项成功 ...
2018-02-11 14:52:46,755 INFO     jinfeng    获取标题为<<这有第七季>>的项成功 ...
2018-02-11 14:52:46,766 INFO     jinfeng    获取标题为<<权利的游戏🔥1~7季➕蓝光大电影🔥high清🔥NO删>>的项成功 ...
2018-02-11 14:52:46,782 INFO     jinfeng    获取标题为<<权利的游戏看图>>的项成功 ...
2018-02-11 14:52:46,798 INFO     jinfeng    获取标题为<<权利的游戏1～7季高清未删减哦，要看的来2喽>>的项成功 ...
2018-02-11 14:52:46,816 INFO     jinfeng    获取标题为<<权利的游戏1-7整理好啦，进来……>>的项成功 ...
2018-02-11 14:52:46,835 INFO     jinfeng    获取标题为<<权利的游戏1-7全有啦，想看的2楼>>的项成功 ...
2018-02-11 14:52:46,848 INFO     jinfeng    获取标题为<<【资源】权利的游戏 全套               下面免>>的项成功 ...
2018-02-11 14:52:46,864 INFO     jinfeng    获取标题为<<权利的游戏高清无删减>>的项成功 ...
2018-02-11 14:52:46,877 INFO     jinfeng    获取标题为<<求权利的游戏全集网盘资源>>的项成功 ...
2018-02-11 14:52:46,890 INFO     jinfeng    获取标题为<<权利游戏权利无删减版哦>>的项成功 ...
2018-02-11 14:52:46,898 INFO     jinfeng    获取标题为<<权利的游戏1-7 追了好久 我的回忆 莼享点击噢 汁儿～～>>的项成功 ...
2018-02-11 14:52:46,907 INFO     jinfeng    获取标题为<<💟 💟权利的游戏【1------7】季超清无删减！>>的项成功 ...
2018-02-11 14:52:46,915 INFO     jinfeng    获取标题为<<权利的游戏，懂的进>>的项成功 ...
2018-02-11 14:52:46,924 INFO     jinfeng    获取标题为<<权利的游戏1-7无删超青都是1080的～戳>>的项成功 ...
2018-02-11 14:52:46,934 INFO     jinfeng    获取标题为<<权利的游戏 超清1️⃣0️⃣8️⃣0️⃣ 分享给吧友们 来🍃>>的项成功 ...
2018-02-11 14:52:46,944 INFO     jinfeng    获取标题为<<权力的游戏。1-7季。1080p。看楼下自娶【图片】>>的项成功 ...
2018-02-11 14:52:46,959 INFO     jinfeng    获取标题为<<高清无删👍1～7👍中英双字幕👇戳一下👇在里面>>的项成功 ...
2018-02-11 14:52:46,967 INFO     jinfeng    获取标题为<<权利的游戏七季全！衣柜字幕组超清画质哦！>>的项成功 ...
2018-02-11 14:52:46,977 INFO     jinfeng    获取标题为<<权利的游戏1-7整理  不套路  看楼下>>的项成功 ...
2018-02-11 14:52:46,989 INFO     jinfeng    获取标题为<<退了>>的项成功 ...
2018-02-11 14:52:46,999 INFO     jinfeng    获取标题为<<You know nothing，Jon Snow！>>的项成功 ...
2018-02-11 14:52:47,007 INFO     jinfeng    获取标题为<<权力的游戏。1-7季。1080p。未删。>>的项成功 ...
2018-02-11 14:52:47,016 INFO     jinfeng    获取标题为<<权利的游戏全>>的项成功 ...
2018-02-11 14:52:47,026 INFO     jinfeng    获取标题为<<【加粗】权利的游戏1-7公众电波兄免费获取>>的项成功 ...
2018-02-11 14:52:47,036 INFO     jinfeng    获取标题为<<『权利的游戏』『超清👊🏻高清双版本』🍃分享给吧友『满足不同需>>的项成功 ...
2018-02-11 14:52:47,045 INFO     jinfeng    获取标题为<<刚刷完剧来说一下不知道有没有人说过的猜想，感觉瑟曦的还是要么>>的项成功 ...
2018-02-11 14:52:48,296 INFO     jinfeng    Python 返回URUL:http://tieba.baidu.com/f?kw=权利的游戏&ie=utf-8&pn=50  数据成功
2018-02-11 14:52:49,095 INFO     jinfeng    获取标题为<<留个1,我发给你们吧,没收到的小伙伴们二楼滴滴,么么哒。>>的项成功 ...
2018-02-11 14:52:49,105 INFO     jinfeng    获取标题为<<权L的游戏🎈7季全未删减超清>>的项成功 ...
2018-02-11 14:52:49,114 INFO     jinfeng    获取标题为<<权利的游戏1-7未删减全>>的项成功 ...
2018-02-11 14:52:49,122 INFO     jinfeng    获取标题为<<龙妈的笑。。。>>的项成功 ...
2018-02-11 14:52:49,131 INFO     jinfeng    获取标题为<<权利的游戏7季全>>的项成功 ...
2018-02-11 14:52:49,140 INFO     jinfeng    获取标题为<<刚看完，比较震撼，谈谈古欧洲人与中国人之间的区别>>的项成功 ...
2018-02-11 14:52:49,150 INFO     jinfeng    获取标题为<<还有没看过的么，权利的游戏，第一到第七季超清～未见，要的看2>>的项成功 ...
2018-02-11 14:52:49,158 INFO     jinfeng    获取标题为<<权游七季资源，无偿！重申一遍无偿！！超清未删减七季，不加微⭐>>的项成功 ...
2018-02-11 14:52:49,168 INFO     jinfeng    获取标题为<<权利的游戏1-7衣柜字幕组。未删～看的找我>>的项成功 ...
2018-02-11 14:52:49,177 INFO     jinfeng    获取标题为<<精心整理，权游1---7，高青，，no删，来拿啊>>的项成功 ...
2018-02-11 14:52:49,186 INFO     jinfeng    获取标题为<<权利游戏1-7全  想要的2楼自取>>的项成功 ...
2018-02-11 14:52:49,196 INFO     jinfeng    获取标题为<<🎬权力的游戏：征服与反抗>>的项成功 ...
2018-02-11 14:52:49,206 INFO     jinfeng    获取标题为<<权力的游戏1~6季高清未删减>>的项成功 ...
2018-02-11 14:52:49,213 INFO     jinfeng    获取标题为<<权利的游戏全>>的项成功 ...
2018-02-11 14:52:49,223 INFO     jinfeng    获取标题为<<权力的游戏1-7全集>>的项成功 ...
2018-02-11 14:52:49,230 INFO     jinfeng    获取标题为<<权利游戏1-7无删，看的来>>的项成功 ...
2018-02-11 14:52:49,242 INFO     jinfeng    获取标题为<<权利的游戏，1-7季，超清未删，二楼拿哈>>的项成功 ...
2018-02-11 14:52:49,250 INFO     jinfeng    获取标题为<<🍀权利的游戏💙1-7季💙高品质💙>>的项成功 ...
2018-02-11 14:52:49,260 INFO     jinfeng    获取标题为<<权利的YX1-7全超级无敌高清NB无删版！>>的项成功 ...
2018-02-11 14:52:49,269 INFO     jinfeng    获取标题为<<#权利的游戏#1-7季，高品质>>的项成功 ...
2018-02-11 14:52:49,278 INFO     jinfeng    获取标题为<<吧主干嘛的？这个吧除了加各种微信还有什么？这么好的剧不是大家>>的项成功 ...
2018-02-11 14:52:49,286 INFO     jinfeng    获取标题为<<【权利的游戏】高清免费资源全部都找到了，还不要钱你敢信？>>的项成功 ...
2018-02-11 14:52:49,296 INFO     jinfeng    获取标题为<<我是搬运工>>的项成功 ...
2018-02-11 14:52:49,305 INFO     jinfeng    获取标题为<<权利的游戏全>>的项成功 ...
2018-02-11 14:52:49,315 INFO     jinfeng    获取标题为<<反正要删了，需要的可以分享>>的项成功 ...
2018-02-11 14:52:49,322 INFO     jinfeng    获取标题为<<分享：斯巴达克斯1-3季加前传！自取链接：https://pan.>>的项成功 ...
2018-02-11 14:52:49,332 INFO     jinfeng    获取标题为<<权游1-7 高青 快来拿走！！！>>的项成功 ...
2018-02-11 14:52:49,341 INFO     jinfeng    获取标题为<<#权利的游戏#1-7季，高品质无删减！>>的项成功 ...
2018-02-11 14:52:49,349 INFO     jinfeng    获取标题为<<权利的游戏番外剧有人看过吗，真的不错!>>的项成功 ...
2018-02-11 14:52:49,358 INFO     jinfeng    获取标题为<<权利的游戏>>的项成功 ...
2018-02-11 14:52:49,368 INFO     jinfeng    获取标题为<<我这对象怎么样，给评个分>>的项成功 ...
2018-02-11 14:52:49,375 INFO     jinfeng    获取标题为<<1-7，我我我>>的项成功 ...
2018-02-11 14:52:49,384 INFO     jinfeng    获取标题为<<权利的游戏1——7>>的项成功 ...
2018-02-11 14:52:49,394 INFO     jinfeng    获取标题为<<权利的游戏1-7。高青。无删。>>的项成功 ...
2018-02-11 14:52:49,404 INFO     jinfeng    获取标题为<<求这个高清壁纸 谢谢大佬们>>的项成功 ...
2018-02-11 14:52:49,413 INFO     jinfeng    获取标题为<<权利的游戏全>>的项成功 ...
2018-02-11 14:52:49,423 INFO     jinfeng    获取标题为<<龙母。。。。。。毁了。。。。>>的项成功 ...
2018-02-11 14:52:49,433 INFO     jinfeng    获取标题为<<【权力的游戏】1-6蓝光 无删>>的项成功 ...
2018-02-11 14:52:49,444 INFO     jinfeng    获取标题为<<《权利的游戏》第七季，第7集，琼恩.雪诺的身份是雷加.坦格利>>的项成功 ...
2018-02-11 14:52:49,453 INFO     jinfeng    获取标题为<<贴吧好乱啊。刚刚看完权力的游戏全季度未删减,我姓雷>>的项成功 ...
2018-02-11 14:52:49,460 INFO     jinfeng    获取标题为<<权利的游戏全>>的项成功 ...
2018-02-11 14:52:49,470 INFO     jinfeng    获取标题为<<权力的游戏。1-7季。1080p。看楼下自娶>>的项成功 ...
2018-02-11 14:52:49,479 INFO     jinfeng    获取标题为<<权利的游戏，1-7季，超清未删，二楼拿哦>>的项成功 ...
2018-02-11 14:52:49,486 INFO     jinfeng    获取标题为<<权利的游戏，1-7季，超清未删，二楼拿>>的项成功 ...
2018-02-11 14:52:49,494 INFO     jinfeng    获取标题为<<权游1-7+小说免费放送！！！！！方式👇👇>>的项成功 ...
2018-02-11 14:52:54,033 INFO     jinfeng    Python 返回URUL:http://tieba.baidu.com/f?kw=权利的游戏&ie=utf-8&pn=100  数据成功
2018-02-11 14:52:55,076 INFO     jinfeng    获取标题为<<一起来看嘛>>的项成功 ...
2018-02-11 14:52:55,086 INFO     jinfeng    获取标题为<<萌新刚看完电视剧第七季想补原作小说该从第几卷开始看>>的项成功 ...
2018-02-11 14:52:55,096 INFO     jinfeng    获取标题为<<我是来放第七季资源的  不用加威信>>的项成功 ...
2018-02-11 14:52:55,104 INFO     jinfeng    获取标题为<<权利游戏，1080p完整，1-7季看了，真的好看也～～楼下哈>>的项成功 ...
2018-02-11 14:52:55,114 INFO     jinfeng    获取标题为<<都看完啦，要的来找我>>的项成功 ...
2018-02-11 14:52:55,121 INFO     jinfeng    获取标题为<<权利的游戏全>>的项成功 ...
2018-02-11 14:52:55,128 INFO     jinfeng    获取标题为<<权利的游戏>>的项成功 ...
2018-02-11 14:52:55,137 INFO     jinfeng    获取标题为<<权力的游戏。1-7季。1080p。看楼下>>的项成功 ...
2018-02-11 14:52:55,144 INFO     jinfeng    获取标题为<<权利的游戏1-6无删减资源>>的项成功 ...
2018-02-11 14:52:55,154 INFO     jinfeng    获取标题为<<用瑟曦的脑袋喝酒>>的项成功 ...
2018-02-11 14:52:55,164 INFO     jinfeng    获取标题为<<权力的游戏太好看啦  已经全部整理好1-7全二楼地址哦  要>>的项成功 ...
2018-02-11 14:52:55,174 INFO     jinfeng    获取标题为<<想看拿走>>的项成功 ...
2018-02-11 14:52:55,181 INFO     jinfeng    获取标题为<<《权利的游戏》>>的项成功 ...
2018-02-11 14:52:55,191 INFO     jinfeng    获取标题为<<权力的游戏。1-7季。1080p。未删。【图片】【图片】>>的项成功 ...
2018-02-11 14:52:55,200 INFO     jinfeng    获取标题为<<[福利]权利的游戏1-7季未删减版，二楼拿>>的项成功 ...
2018-02-11 14:52:55,210 INFO     jinfeng    获取标题为<<权利的游戏1-7季全 无删减>>的项成功 ...
2018-02-11 14:52:55,220 INFO     jinfeng    获取标题为<<权力的游戏。1-7季。1080p。未删。【图片】>>的项成功 ...
2018-02-11 14:52:55,230 INFO     jinfeng    获取标题为<<权利的游戏真的好看，1-7季我都有啊。要回顾的小伙伴请看楼下>>的项成功 ...
2018-02-11 14:52:55,237 INFO     jinfeng    获取标题为<<【权利的游戏】1-7无删减超清，中文字幕。>>的项成功 ...
2018-02-11 14:52:55,246 INFO     jinfeng    获取标题为<<（1-7）权利的游戏👇超青👇无删>>的项成功 ...
2018-02-11 14:52:55,256 INFO     jinfeng    获取标题为<<测>>的项成功 ...
2018-02-11 14:52:55,265 INFO     jinfeng    获取标题为<<多余一张敬业福，打开支付宝首页搜索“968464”，即可领取>>的项成功 ...
2018-02-11 14:52:55,273 INFO     jinfeng    获取标题为<<权利的游戏，1-7季全，超清无删，二楼拿哈>>的项成功 ...
2018-02-11 14:52:55,285 INFO     jinfeng    获取标题为<<权利游戏❤超清完整版>>的项成功 ...
2018-02-11 14:52:55,296 INFO     jinfeng    获取标题为<<权利的游戏1-7无删减>>的项成功 ...
2018-02-11 14:52:55,306 INFO     jinfeng    获取标题为<<权力的游戏。1-7季。1080p。未删。>>的项成功 ...
2018-02-11 14:52:55,316 INFO     jinfeng    获取标题为<<资源贴(权利的游戏)第七季，无删版>>的项成功 ...
2018-02-11 14:52:55,325 INFO     jinfeng    获取标题为<<权利的游戏1～7季高清未删减哦>>的项成功 ...
2018-02-11 14:52:55,335 INFO     jinfeng    获取标题为<<推荐一部和权游相似类型的美剧给你们>>的项成功 ...
2018-02-11 14:52:55,345 INFO     jinfeng    获取标题为<<权利的游戏1-7集 未删减！！免费 ！！无偿分享 加我就发🐸>>的项成功 ...
2018-02-11 14:52:55,355 INFO     jinfeng    获取标题为<<权利的游戏  1--7季 滴滴>>的项成功 ...
2018-02-11 14:52:55,364 INFO     jinfeng    获取标题为<<权利的游戏1-7全字幕无删减  要的来>>的项成功 ...
2018-02-11 14:52:55,374 INFO     jinfeng    获取标题为<<权利的游戏，超～清，无～删第一到第七季>>的项成功 ...
2018-02-11 14:52:55,382 INFO     jinfeng    获取标题为<<权力的游戏。1-7季。1080p。未删。>>的项成功 ...
2018-02-11 14:52:55,391 INFO     jinfeng    获取标题为<<权力的游戏。1-7季。1080p。未删。>>的项成功 ...
2018-02-11 14:52:55,400 INFO     jinfeng    获取标题为<<【征服与反抗】1-7超清无删减++前传>>的项成功 ...
2018-02-11 14:52:55,408 INFO     jinfeng    获取标题为<<维斯特洛的前世今生：权利的游戏征服与反抗>>的项成功 ...
2018-02-11 14:52:55,421 INFO     jinfeng    获取标题为<<1-7无删减>>的项成功 ...
2018-02-11 14:52:55,434 INFO     jinfeng    获取标题为<<#权利的游戏#1-7超清无删减，中英双字幕>>的项成功 ...
2018-02-11 14:52:55,444 INFO     jinfeng    获取标题为<<权利的游戏1-7超清无删减，中英双字幕>>的项成功 ...
2018-02-11 14:52:55,457 INFO     jinfeng    获取标题为<<没想到君临真的飘起了雪…The winter is comi>>的项成功 ...
2018-02-11 14:52:55,467 INFO     jinfeng    获取标题为<<kingslanding>>的项成功 ...
2018-02-11 14:52:55,476 INFO     jinfeng    获取标题为<<让你看看红毒蛇奥伯伦究竟多牛掰>>的项成功 ...
2018-02-11 14:52:55,486 INFO     jinfeng    获取标题为<<一只火龙胜过千军万马，有木有>>的项成功 ...
2018-02-11 14:52:55,497 INFO     jinfeng    获取标题为<<权利的游戏1-7 要的来白取哈>>的项成功 ...
2018-02-11 14:52:55,506 INFO     jinfeng    获取标题为<<权力的游戏1-7季无删减。1080P。看楼下>>的项成功 ...
2018-02-11 14:52:55,522 INFO     jinfeng    获取标题为<<《权利的游戏》1-7>>的项成功 ...
2018-02-11 14:52:56,374 INFO     jinfeng    Python 返回URUL:http://tieba.baidu.com/f?kw=权利的游戏&ie=utf-8&pn=150  数据成功
2018-02-11 14:52:57,874 INFO     jinfeng    获取标题为<<半人万岁>>的项成功 ...
2018-02-11 14:52:57,881 INFO     jinfeng    获取标题为<<权力的游戏。1-7季。1080p。未删。>>的项成功 ...
2018-02-11 14:52:57,891 INFO     jinfeng    获取标题为<<权力的游戏1-7季无删减。看楼下【图片】【图片】【图片】【图>>的项成功 ...
2018-02-11 14:52:57,898 INFO     jinfeng    获取标题为<<权利的游戏1-7全集高清无删，喜欢进>>的项成功 ...
2018-02-11 14:52:57,907 INFO     jinfeng    获取标题为<<权利的游戏1－7有免费的吗兄弟姐妹们，加我chen27308>>的项成功 ...
2018-02-11 14:52:57,914 INFO     jinfeng    获取标题为<<无偿分享，链接哦>>的项成功 ...
2018-02-11 14:52:57,921 INFO     jinfeng    获取标题为<<万能的吧友们，请问什么第几季寒冬会来，异鬼侵袭？等的好心酸>>的项成功 ...
2018-02-11 14:52:57,931 INFO     jinfeng    获取标题为<<这是啥节目呀>>的项成功 ...
2018-02-11 14:52:57,940 INFO     jinfeng    获取标题为<<龙母不能输，靠大家了~>>的项成功 ...
2018-02-11 14:52:57,947 INFO     jinfeng    获取标题为<<求未删减版权利的游戏，可有偿>>的项成功 ...
2018-02-11 14:52:57,957 INFO     jinfeng    获取标题为<<关于第八季，网上的爆料是否真实？>>的项成功 ...
2018-02-11 14:52:57,967 INFO     jinfeng    获取标题为<<权利的游戏1-7要的来拿>>的项成功 ...
2018-02-11 14:52:57,976 INFO     jinfeng    获取标题为<<权利全集>>的项成功 ...
2018-02-11 14:52:57,986 INFO     jinfeng    获取标题为<<各位大神把你们收藏的权游高清壁纸都发出来吧，我想做个相册挂在>>的项成功 ...
2018-02-11 14:52:57,996 INFO     jinfeng    获取标题为<<权力的游戏，高 。清，无删。>>的项成功 ...
2018-02-11 14:52:58,005 INFO     jinfeng    获取标题为<<权力的游戏1-7季无删减。1080P。看楼下【图片】【图片】>>的项成功 ...
2018-02-11 14:52:58,013 INFO     jinfeng    获取标题为<<权游全季 我有 想看的找我拿 微信healer1244197>>的项成功 ...
2018-02-11 14:52:58,022 INFO     jinfeng    获取标题为<<权利的游戏1~7季 免费全部发放>>的项成功 ...
2018-02-11 14:52:58,030 INFO     jinfeng    获取标题为<<看美剧的来！>>的项成功 ...
2018-02-11 14:52:58,038 INFO     jinfeng    获取标题为<<求权利游戏无删1～7季>>的项成功 ...
2018-02-11 14:52:58,046 INFO     jinfeng    获取标题为<<跪求好人权利的游戏高清，一生平安>>的项成功 ...
2018-02-11 14:52:58,055 INFO     jinfeng    获取标题为<<『资源共享』留名抱走>>的项成功 ...
2018-02-11 14:52:58,063 INFO     jinfeng    获取标题为<<求权利的游戏第四季第七级，我的资源坏了播放不了，谢谢老哥们了>>的项成功 ...
2018-02-11 14:52:58,072 INFO     jinfeng    获取标题为<<分享：按动漫大师分的动漫，宫崎骏，新海诚~按类型分的动漫，言情，动>>的项成功 ...
2018-02-11 14:52:58,081 INFO     jinfeng    获取标题为<<权利的游戏第六季 附加1～5季全集>>的项成功 ...
2018-02-11 14:52:58,091 INFO     jinfeng    获取标题为<<权力的游戏1-7季无删减。1080P。看楼下【图片】【图片】>>的项成功 ...
2018-02-11 14:52:58,098 INFO     jinfeng    获取标题为<<大写的仙！睫毛真的可以惊动一只眼>>的项成功 ...
2018-02-11 14:52:58,107 INFO     jinfeng    获取标题为<<权利的游戏，只有1到6季，高清未删减，有要的么>>的项成功 ...
2018-02-11 14:52:58,115 INFO     jinfeng    获取标题为<<权利的游戏超级好看啊啊啊啊这里有资源哈，找不到的私我给你>>的项成功 ...
2018-02-11 14:52:58,124 INFO     jinfeng    获取标题为<<来吧，尽情发挥吧👇👇👇>>的项成功 ...
2018-02-11 14:52:58,132 INFO     jinfeng    获取标题为<<分享：经典好看的电影，个人推出，喜欢的朋友可以进来看看。>>的项成功 ...
2018-02-11 14:52:58,140 INFO     jinfeng    获取标题为<<权利高清无删减需要的加lianghongkun123>>的项成功 ...
2018-02-11 14:52:58,148 INFO     jinfeng    获取标题为<<恳求吧务别删，一款手机都能玩的游戏，，，，>>的项成功 ...
2018-02-11 14:52:58,160 INFO     jinfeng    获取标题为<<权力的游戏1-7季无删减。1080P。看楼下【图片】【图片】>>的项成功 ...
2018-02-11 14:52:58,167 INFO     jinfeng    获取标题为<<有 1-7季高清无删减 中文字幕 吗？>>的项成功 ...
2018-02-11 14:52:58,174 INFO     jinfeng    获取标题为<<权利的游戏1-7季免费分享百分百免费~>>的项成功 ...
2018-02-11 14:52:58,183 INFO     jinfeng    获取标题为<<多会才能走第八季啊>>的项成功 ...
2018-02-11 14:52:58,193 INFO     jinfeng    获取标题为<<权力的游戏1-7季无删减。1080P。看楼下【图片】【图片】>>的项成功 ...
2018-02-11 14:52:58,201 INFO     jinfeng    获取标题为<<唉，大结局基本上都死光了。权利的游戏是个悲剧。hhh>>的项成功 ...
2018-02-11 14:52:58,210 INFO     jinfeng    获取标题为<<一句hoodor一生hood the door>>的项成功 ...
2018-02-11 14:52:58,220 INFO     jinfeng    获取标题为<<中性笔画…权利的游戏之——囧。>>的项成功 ...
2018-02-11 14:52:58,230 INFO     jinfeng    获取标题为<<权力的游戏1-7季无删减。1080P。看楼下【图片】【图片】>>的项成功 ...
2018-02-11 14:52:58,237 INFO     jinfeng    获取标题为<<权利多游戏免费分享加我百度云账号就是这个，打击👊影贩子>>的项成功 ...
2018-02-11 14:52:58,246 INFO     jinfeng    获取标题为<<第四季小恶魔为什么要杀雪伊啊！没看懂>>的项成功 ...
2018-02-11 14:52:58,256 INFO     jinfeng    获取标题为<<没有办法在大庭广众之下看权利游戏  还是无删减版的  袒×露>>的项成功 ...
2018-02-11 14:52:58,266 INFO     jinfeng    获取标题为<<可以吧>>的项成功 ...
2018-02-11 14:52:58,276 INFO     jinfeng    获取标题为<<权力的游戏百度云>>的项成功 ...
2018-02-11 14:52:58,285 INFO     jinfeng    获取标题为<<如何免费不被套路的看到权利游戏1-7，1080P>>的项成功 ...
2018-02-11 14:52:59,085 INFO     jinfeng    Python 返回URUL:http://tieba.baidu.com/f?kw=权利的游戏&ie=utf-8&pn=200  数据成功
2018-02-11 14:53:01,250 INFO     jinfeng    获取标题为<<求权利的游戏资源，哪位大神发下>>的项成功 ...
2018-02-11 14:53:01,259 INFO     jinfeng    获取标题为<<求权利的游戏1-7季英文版剧本，学英语，谢谢😜>>的项成功 ...
2018-02-11 14:53:01,266 INFO     jinfeng    获取标题为<<看就要看未删减！！！我这有1-7哦>>的项成功 ...
2018-02-11 14:53:01,276 INFO     jinfeng    获取标题为<<权利的游戏一到七季要的加我>>的项成功 ...
2018-02-11 14:53:01,290 INFO     jinfeng    获取标题为<<权力的游戏🎈1~7季1080p超青🔥蓝 光🎈NO 删>>的项成功 ...
2018-02-11 14:53:01,303 INFO     jinfeng    获取标题为<<二楼>>的项成功 ...
2018-02-11 14:53:01,321 INFO     jinfeng    获取标题为<<权力的游戏1-7季无删减。1080P。看楼下>>的项成功 ...
2018-02-11 14:53:01,338 INFO     jinfeng    获取标题为<<权力的游戏1-7季无删减。1080P。不套路。看楼下哦>>的项成功 ...
2018-02-11 14:53:01,351 INFO     jinfeng    获取标题为<<红毒蛇奥伯伦和那个鸭子谁攻谁受啊>>的项成功 ...
2018-02-11 14:53:01,361 INFO     jinfeng    获取标题为<<权力的游戏高清无删减1-7季，无偿，不套路滴滴我>>的项成功 ...
2018-02-11 14:53:01,371 INFO     jinfeng    获取标题为<<权力的游戏1-7季无删减。1080P。看楼下【图片】【图片】>>的项成功 ...
2018-02-11 14:53:01,381 INFO     jinfeng    获取标题为<<准备发放一波福利  信的来  各种剧各种戏  配图无关>>的项成功 ...
2018-02-11 14:53:01,391 INFO     jinfeng    获取标题为<<冰原狼剑一一怎么样>>的项成功 ...
2018-02-11 14:53:01,403 INFO     jinfeng    获取标题为<<无套路，加微信秒发1到7季资源>>的项成功 ...
2018-02-11 14:53:01,411 INFO     jinfeng    获取标题为<<权利的游戏1-7。拿去不谢~见二楼链，接>>的项成功 ...
2018-02-11 14:53:01,421 INFO     jinfeng    获取标题为<<权利的游戏1-4季全   百度网盘BT下载，>>的项成功 ...
2018-02-11 14:53:01,431 INFO     jinfeng    获取标题为<<权力的游戏，图中的都有，拿去不谢>>的项成功 ...
2018-02-11 14:53:01,440 INFO     jinfeng    获取标题为<<【精】【资源帖】权游1-7全季高清蓝光>>的项成功 ...
2018-02-11 14:53:01,450 INFO     jinfeng    获取标题为<<福利贴，在下面👇留下你想看的，我帮找，可分享>>的项成功 ...
2018-02-11 14:53:01,459 INFO     jinfeng    获取标题为<<权力的游戏高清>>的项成功 ...
2018-02-11 14:53:01,469 INFO     jinfeng    获取标题为<<玛格丽皇后给祖母荆棘夫人一张画有玫瑰的纸是什么意思？>>的项成功 ...
2018-02-11 14:53:01,479 INFO     jinfeng    获取标题为<<emmm~如何决择呢>>的项成功 ...
2018-02-11 14:53:01,490 INFO     jinfeng    获取标题为<<无条件分享权利的游戏1-7>>的项成功 ...
2018-02-11 14:53:01,503 INFO     jinfeng    获取标题为<<权利的游戏1-7>>的项成功 ...
2018-02-11 14:53:01,513 INFO     jinfeng    获取标题为<<权利的游戏1-7季，要的留言>>的项成功 ...
2018-02-11 14:53:01,523 INFO     jinfeng    获取标题为<<原来一直照顾布兰的那个野人女人去哪里了啊？>>的项成功 ...
2018-02-11 14:53:01,535 INFO     jinfeng    获取标题为<<发几张冰与火之歌里面演员的美照哦~~>>的项成功 ...
2018-02-11 14:53:01,545 INFO     jinfeng    获取标题为<<第五季看完了～这是要出第六季的节奏啊>>的项成功 ...
2018-02-11 14:53:01,559 INFO     jinfeng    获取标题为<<类似支付宝的红包活动，一般累计可以得100-200左右>>的项成功 ...
2018-02-11 14:53:01,578 INFO     jinfeng    获取标题为<<敲黑板了，要资源的看过来啊、>>的项成功 ...
2018-02-11 14:53:01,595 INFO     jinfeng    获取标题为<<权力的游戏需要的宝宝进主页看简介贴吧不许放链接分享欧>>的项成功 ...
2018-02-11 14:53:01,611 INFO     jinfeng    获取标题为<<权利的游戏以及各种美剧哟打包给你们>>的项成功 ...
2018-02-11 14:53:01,625 INFO     jinfeng    获取标题为<<权力的游戏 无删减 超高清 喜欢的赶紧来>>的项成功 ...
2018-02-11 14:53:01,634 INFO     jinfeng    获取标题为<<权力的游戏1-7季无删减。1080P。看楼下【图片】【图片】>>的项成功 ...
2018-02-11 14:53:01,644 INFO     jinfeng    获取标题为<<真服。。。这么多给资源的？>>的项成功 ...
2018-02-11 14:53:01,651 INFO     jinfeng    获取标题为<<你不是条龙，你是一只臭佬>>的项成功 ...
2018-02-11 14:53:01,658 INFO     jinfeng    获取标题为<<有没有人去玩西部大陆，西部大陆是以前的老列王，没有龙语，龙晶>>的项成功 ...
2018-02-11 14:53:01,668 INFO     jinfeng    获取标题为<<最强美剧电影资源来袭～>>的项成功 ...
2018-02-11 14:53:01,677 INFO     jinfeng    获取标题为<<求龙妈和马王第一次见面的背景音乐！！>>的项成功 ...
2018-02-11 14:53:01,686 INFO     jinfeng    获取标题为<<权利的游戏1-7>>的项成功 ...
2018-02-11 14:53:01,694 INFO     jinfeng    获取标题为<<干死收费的>>的项成功 ...
2018-02-11 14:53:01,704 INFO     jinfeng    获取标题为<<权利的游戏1到7我给你💟💟>>的项成功 ...
2018-02-11 14:53:01,716 INFO     jinfeng    获取标题为<<这第八季剧透太扯淡了吧。这哥们都挂了啊>>的项成功 ...
2018-02-11 14:53:01,723 INFO     jinfeng    获取标题为<<刚看完第三集>>的项成功 ...
2018-02-11 14:53:01,792 INFO     jinfeng    标题为<<整理好了.未删减权力的游戏1-7季🌸献给吧友‼️>>的项输入到"百度贴吧_权利的游戏.txt"成功
2018-02-11 14:53:01,792 INFO     jinfeng    标题为<<权利的游戏1--7！无删减！1080P！！>>的项输入到"百度贴吧_权利的游戏.txt"成功
2018-02-11 14:53:01,792 INFO     jinfeng    标题为<<权L的游戏🎈7季全＋大电影，NO删Super清，>>的项输入到"百度贴吧_权利的游戏.txt"成功
2018-02-11 14:53:01,793 INFO     jinfeng    标题为<<【推荐】权利的游戏1--7！超清无删减！1080P！！不套路>>的项输入到"百度贴吧_权利的游戏.txt"成功
2018-02-11 14:53:01,793 INFO     jinfeng    标题为<<【资源帖】权利的游戏『1----7』超！清！完！整。>>的项输入到"百度贴吧_权利的游戏.txt"成功
2018-02-11 14:53:01,793 INFO     jinfeng    标题为<<【资源贴】权利的游戏1------7！！超清！无删！不套路二>>的项输入到"百度贴吧_权利的游戏.txt"成功
2018-02-11 14:53:01,793 INFO     jinfeng    标题为<<权力的游戏1--7季全集，超清无删减，中英字幕>>的项输入到"百度贴吧_权利的游戏.txt"成功
2018-02-11 14:53:01,795 INFO     jinfeng    标题为<<权力的游戏七季全，超清无。删。减，中英双字幕>>的项输入到"百度贴吧_权利的游戏.txt"成功
2018-02-11 14:53:01,795 INFO     jinfeng    标题为<<『权游1～7』✨1️⃣0️⃣8️⃣0️⃣✨『分享给吧友』来领>>的项输入到"百度贴吧_权利的游戏.txt"成功
2018-02-11 14:53:01,795 INFO     jinfeng    标题为<<妈耶贴吧好乱,刚刚看完权力的游戏全季度未删减,叫我雷锋>>的项输入到"百度贴吧_权利的游戏.txt"成功
2018-02-11 14:53:01,795 INFO     jinfeng    标题为<<楼下家出事了。>>的项输入到"百度贴吧_权利的游戏.txt"成功
2018-02-11 14:53:01,796 INFO     jinfeng    标题为<<泰温大人教英语>>的项输入到"百度贴吧_权利的游戏.txt"成功
2018-02-11 14:53:01,796 INFO     jinfeng    标题为<<【原创视频】涨姿势了，还可以这样吃鱼？简直太有才了>>的项输入到"百度贴吧_权利的游戏.txt"成功
2018-02-11 14:53:01,796 INFO     jinfeng    标题为<<[绝对免费]1-7季全，超清，无删 ，在线就发>>的项输入到"百度贴吧_权利的游戏.txt"成功
2018-02-11 14:53:01,796 INFO     jinfeng    标题为<<权利的游戏全，找Baidu云:海角此刻>>的项输入到"百度贴吧_权利的游戏.txt"成功
2018-02-11 14:53:01,796 INFO     jinfeng    标题为<<【原创视频】保安大哥的大侠梦，习武十年终于成名了>>的项输入到"百度贴吧_权利的游戏.txt"成功
2018-02-11 14:53:01,796 INFO     jinfeng    标题为<<【原创视频】跪拜！逆天妹子开挂大盘点 !>>的项输入到"百度贴吧_权利的游戏.txt"成功
2018-02-11 14:53:01,796 INFO     jinfeng    标题为<<权利的游戏长期更新>>的项输入到"百度贴吧_权利的游戏.txt"成功
2018-02-11 14:53:01,796 INFO     jinfeng    标题为<<【推荐】权利的游戏1--7！无shan减！1080P！超请🥚进来qu>>的项输入到"百度贴吧_权利的游戏.txt"成功
2018-02-11 14:53:01,798 INFO     jinfeng    标题为<<分享：绝命时钟2:22✔ 不去影院就能享受，还等什么呢？来吧，懂你>>的项输入到"百度贴吧_权利的游戏.txt"成功
2018-02-11 14:53:01,798 INFO     jinfeng    标题为<<准备开始看了~>>的项输入到"百度贴吧_权利的游戏.txt"成功
2018-02-11 14:53:01,798 INFO     jinfeng    标题为<<权利的游戏1到7，整理好啦>>的项输入到"百度贴吧_权利的游戏.txt"成功
2018-02-11 14:53:01,799 INFO     jinfeng    标题为<<《热血风云》公益新区 送Vip12 金庸卡牌闯关>>的项输入到"百度贴吧_权利的游戏.txt"成功
2018-02-11 14:53:01,799 INFO     jinfeng    标题为<<『权利🍃游戏』1️⃣0️⃣8️⃣0️⃣ 喜欢🎁 『分享💋吧友>>的项输入到"百度贴吧_权利的游戏.txt"成功
2018-02-11 14:53:01,799 INFO     jinfeng    标题为<<这有第七季>>的项输入到"百度贴吧_权利的游戏.txt"成功
2018-02-11 14:53:01,799 INFO     jinfeng    标题为<<权利的游戏🔥1~7季➕蓝光大电影🔥high清🔥NO删>>的项输入到"百度贴吧_权利的游戏.txt"成功
2018-02-11 14:53:01,799 INFO     jinfeng    标题为<<权利的游戏看图>>的项输入到"百度贴吧_权利的游戏.txt"成功
2018-02-11 14:53:01,799 INFO     jinfeng    标题为<<权利的游戏1～7季高清未删减哦，要看的来2喽>>的项输入到"百度贴吧_权利的游戏.txt"成功
2018-02-11 14:53:01,799 INFO     jinfeng    标题为<<权利的游戏1-7整理好啦，进来……>>的项输入到"百度贴吧_权利的游戏.txt"成功
2018-02-11 14:53:01,799 INFO     jinfeng    标题为<<权利的游戏1-7全有啦，想看的2楼>>的项输入到"百度贴吧_权利的游戏.txt"成功
2018-02-11 14:53:01,799 INFO     jinfeng    标题为<<【资源】权利的游戏 全套               下面免>>的项输入到"百度贴吧_权利的游戏.txt"成功
2018-02-11 14:53:01,801 INFO     jinfeng    标题为<<权利的游戏高清无删减>>的项输入到"百度贴吧_权利的游戏.txt"成功
2018-02-11 14:53:01,801 INFO     jinfeng    标题为<<求权利的游戏全集网盘资源>>的项输入到"百度贴吧_权利的游戏.txt"成功
2018-02-11 14:53:01,801 INFO     jinfeng    标题为<<权利游戏权利无删减版哦>>的项输入到"百度贴吧_权利的游戏.txt"成功
2018-02-11 14:53:01,801 INFO     jinfeng    标题为<<权利的游戏1-7 追了好久 我的回忆 莼享点击噢 汁儿～～>>的项输入到"百度贴吧_权利的游戏.txt"成功
2018-02-11 14:53:01,802 INFO     jinfeng    标题为<<💟 💟权利的游戏【1------7】季超清无删减！>>的项输入到"百度贴吧_权利的游戏.txt"成功
2018-02-11 14:53:01,802 INFO     jinfeng    标题为<<权利的游戏，懂的进>>的项输入到"百度贴吧_权利的游戏.txt"成功
2018-02-11 14:53:01,802 INFO     jinfeng    标题为<<权利的游戏1-7无删超青都是1080的～戳>>的项输入到"百度贴吧_权利的游戏.txt"成功
2018-02-11 14:53:01,802 INFO     jinfeng    标题为<<权利的游戏 超清1️⃣0️⃣8️⃣0️⃣ 分享给吧友们 来🍃>>的项输入到"百度贴吧_权利的游戏.txt"成功
2018-02-11 14:53:01,802 INFO     jinfeng    标题为<<权力的游戏。1-7季。1080p。看楼下自娶【图片】>>的项输入到"百度贴吧_权利的游戏.txt"成功
2018-02-11 14:53:01,802 INFO     jinfeng    标题为<<高清无删👍1～7👍中英双字幕👇戳一下👇在里面>>的项输入到"百度贴吧_权利的游戏.txt"成功
2018-02-11 14:53:01,802 INFO     jinfeng    标题为<<权利的游戏七季全！衣柜字幕组超清画质哦！>>的项输入到"百度贴吧_权利的游戏.txt"成功
2018-02-11 14:53:01,802 INFO     jinfeng    标题为<<权利的游戏1-7整理  不套路  看楼下>>的项输入到"百度贴吧_权利的游戏.txt"成功
2018-02-11 14:53:01,803 INFO     jinfeng    标题为<<退了>>的项输入到"百度贴吧_权利的游戏.txt"成功
2018-02-11 14:53:01,803 INFO     jinfeng    标题为<<You know nothing，Jon Snow！>>的项输入到"百度贴吧_权利的游戏.txt"成功
2018-02-11 14:53:01,803 INFO     jinfeng    标题为<<权力的游戏。1-7季。1080p。未删。>>的项输入到"百度贴吧_权利的游戏.txt"成功
2018-02-11 14:53:01,803 INFO     jinfeng    标题为<<权利的游戏全>>的项输入到"百度贴吧_权利的游戏.txt"成功
2018-02-11 14:53:01,803 INFO     jinfeng    标题为<<【加粗】权利的游戏1-7公众电波兄免费获取>>的项输入到"百度贴吧_权利的游戏.txt"成功
2018-02-11 14:53:01,805 INFO     jinfeng    标题为<<『权利的游戏』『超清👊🏻高清双版本』🍃分享给吧友『满足不同需>>的项输入到"百度贴吧_权利的游戏.txt"成功
2018-02-11 14:53:01,805 INFO     jinfeng    标题为<<刚刷完剧来说一下不知道有没有人说过的猜想，感觉瑟曦的还是要么>>的项输入到"百度贴吧_权利的游戏.txt"成功
2018-02-11 14:53:01,805 INFO     jinfeng    标题为<<留个1,我发给你们吧,没收到的小伙伴们二楼滴滴,么么哒。>>的项输入到"百度贴吧_权利的游戏.txt"成功
2018-02-11 14:53:01,805 INFO     jinfeng    标题为<<权L的游戏🎈7季全未删减超清>>的项输入到"百度贴吧_权利的游戏.txt"成功
2018-02-11 14:53:01,805 INFO     jinfeng    标题为<<权利的游戏1-7未删减全>>的项输入到"百度贴吧_权利的游戏.txt"成功
2018-02-11 14:53:01,805 INFO     jinfeng    标题为<<龙妈的笑。。。>>的项输入到"百度贴吧_权利的游戏.txt"成功
2018-02-11 14:53:01,805 INFO     jinfeng    标题为<<权利的游戏7季全>>的项输入到"百度贴吧_权利的游戏.txt"成功
2018-02-11 14:53:01,805 INFO     jinfeng    标题为<<刚看完，比较震撼，谈谈古欧洲人与中国人之间的区别>>的项输入到"百度贴吧_权利的游戏.txt"成功
2018-02-11 14:53:01,806 INFO     jinfeng    标题为<<还有没看过的么，权利的游戏，第一到第七季超清～未见，要的看2>>的项输入到"百度贴吧_权利的游戏.txt"成功
2018-02-11 14:53:01,806 INFO     jinfeng    标题为<<权游七季资源，无偿！重申一遍无偿！！超清未删减七季，不加微⭐>>的项输入到"百度贴吧_权利的游戏.txt"成功
2018-02-11 14:53:01,806 INFO     jinfeng    标题为<<权利的游戏1-7衣柜字幕组。未删～看的找我>>的项输入到"百度贴吧_权利的游戏.txt"成功
2018-02-11 14:53:01,806 INFO     jinfeng    标题为<<精心整理，权游1---7，高青，，no删，来拿啊>>的项输入到"百度贴吧_权利的游戏.txt"成功
2018-02-11 14:53:01,808 INFO     jinfeng    标题为<<权利游戏1-7全  想要的2楼自取>>的项输入到"百度贴吧_权利的游戏.txt"成功
2018-02-11 14:53:01,808 INFO     jinfeng    标题为<<🎬权力的游戏：征服与反抗>>的项输入到"百度贴吧_权利的游戏.txt"成功
2018-02-11 14:53:01,808 INFO     jinfeng    标题为<<权力的游戏1~6季高清未删减>>的项输入到"百度贴吧_权利的游戏.txt"成功
2018-02-11 14:53:01,808 INFO     jinfeng    标题为<<权利的游戏全>>的项输入到"百度贴吧_权利的游戏.txt"成功
2018-02-11 14:53:01,809 INFO     jinfeng    标题为<<权力的游戏1-7全集>>的项输入到"百度贴吧_权利的游戏.txt"成功
2018-02-11 14:53:01,809 INFO     jinfeng    标题为<<权利游戏1-7无删，看的来>>的项输入到"百度贴吧_权利的游戏.txt"成功
2018-02-11 14:53:01,809 INFO     jinfeng    标题为<<权利的游戏，1-7季，超清未删，二楼拿哈>>的项输入到"百度贴吧_权利的游戏.txt"成功
2018-02-11 14:53:01,809 INFO     jinfeng    标题为<<🍀权利的游戏💙1-7季💙高品质💙>>的项输入到"百度贴吧_权利的游戏.txt"成功
2018-02-11 14:53:01,809 INFO     jinfeng    标题为<<权利的YX1-7全超级无敌高清NB无删版！>>的项输入到"百度贴吧_权利的游戏.txt"成功
2018-02-11 14:53:01,809 INFO     jinfeng    标题为<<#权利的游戏#1-7季，高品质>>的项输入到"百度贴吧_权利的游戏.txt"成功
2018-02-11 14:53:01,809 INFO     jinfeng    标题为<<吧主干嘛的？这个吧除了加各种微信还有什么？这么好的剧不是大家>>的项输入到"百度贴吧_权利的游戏.txt"成功
2018-02-11 14:53:01,809 INFO     jinfeng    标题为<<【权利的游戏】高清免费资源全部都找到了，还不要钱你敢信？>>的项输入到"百度贴吧_权利的游戏.txt"成功
2018-02-11 14:53:01,811 INFO     jinfeng    标题为<<我是搬运工>>的项输入到"百度贴吧_权利的游戏.txt"成功
2018-02-11 14:53:01,811 INFO     jinfeng    标题为<<权利的游戏全>>的项输入到"百度贴吧_权利的游戏.txt"成功
2018-02-11 14:53:01,811 INFO     jinfeng    标题为<<反正要删了，需要的可以分享>>的项输入到"百度贴吧_权利的游戏.txt"成功
2018-02-11 14:53:01,811 INFO     jinfeng    标题为<<分享：斯巴达克斯1-3季加前传！自取链接：https://pan.>>的项输入到"百度贴吧_权利的游戏.txt"成功
2018-02-11 14:53:01,812 INFO     jinfeng    标题为<<权游1-7 高青 快来拿走！！！>>的项输入到"百度贴吧_权利的游戏.txt"成功
2018-02-11 14:53:01,812 INFO     jinfeng    标题为<<#权利的游戏#1-7季，高品质无删减！>>的项输入到"百度贴吧_权利的游戏.txt"成功
2018-02-11 14:53:01,812 INFO     jinfeng    标题为<<权利的游戏番外剧有人看过吗，真的不错!>>的项输入到"百度贴吧_权利的游戏.txt"成功
2018-02-11 14:53:01,812 INFO     jinfeng    标题为<<权利的游戏>>的项输入到"百度贴吧_权利的游戏.txt"成功
2018-02-11 14:53:01,812 INFO     jinfeng    标题为<<我这对象怎么样，给评个分>>的项输入到"百度贴吧_权利的游戏.txt"成功
2018-02-11 14:53:01,812 INFO     jinfeng    标题为<<1-7，我我我>>的项输入到"百度贴吧_权利的游戏.txt"成功
2018-02-11 14:53:01,812 INFO     jinfeng    标题为<<权利的游戏1——7>>的项输入到"百度贴吧_权利的游戏.txt"成功
2018-02-11 14:53:01,812 INFO     jinfeng    标题为<<权利的游戏1-7。高青。无删。>>的项输入到"百度贴吧_权利的游戏.txt"成功
2018-02-11 14:53:01,813 INFO     jinfeng    标题为<<求这个高清壁纸 谢谢大佬们>>的项输入到"百度贴吧_权利的游戏.txt"成功
2018-02-11 14:53:01,813 INFO     jinfeng    标题为<<权利的游戏全>>的项输入到"百度贴吧_权利的游戏.txt"成功
2018-02-11 14:53:01,813 INFO     jinfeng    标题为<<龙母。。。。。。毁了。。。。>>的项输入到"百度贴吧_权利的游戏.txt"成功
2018-02-11 14:53:01,813 INFO     jinfeng    标题为<<【权力的游戏】1-6蓝光 无删>>的项输入到"百度贴吧_权利的游戏.txt"成功
2018-02-11 14:53:01,815 INFO     jinfeng    标题为<<《权利的游戏》第七季，第7集，琼恩.雪诺的身份是雷加.坦格利>>的项输入到"百度贴吧_权利的游戏.txt"成功
2018-02-11 14:53:01,815 INFO     jinfeng    标题为<<贴吧好乱啊。刚刚看完权力的游戏全季度未删减,我姓雷>>的项输入到"百度贴吧_权利的游戏.txt"成功
2018-02-11 14:53:01,815 INFO     jinfeng    标题为<<权利的游戏全>>的项输入到"百度贴吧_权利的游戏.txt"成功
2018-02-11 14:53:01,815 INFO     jinfeng    标题为<<权力的游戏。1-7季。1080p。看楼下自娶>>的项输入到"百度贴吧_权利的游戏.txt"成功
2018-02-11 14:53:01,815 INFO     jinfeng    标题为<<权利的游戏，1-7季，超清未删，二楼拿哦>>的项输入到"百度贴吧_权利的游戏.txt"成功
2018-02-11 14:53:01,815 INFO     jinfeng    标题为<<权利的游戏，1-7季，超清未删，二楼拿>>的项输入到"百度贴吧_权利的游戏.txt"成功
2018-02-11 14:53:01,815 INFO     jinfeng    标题为<<权游1-7+小说免费放送！！！！！方式👇👇>>的项输入到"百度贴吧_权利的游戏.txt"成功
2018-02-11 14:53:01,815 INFO     jinfeng    标题为<<一起来看嘛>>的项输入到"百度贴吧_权利的游戏.txt"成功
2018-02-11 14:53:01,816 INFO     jinfeng    标题为<<萌新刚看完电视剧第七季想补原作小说该从第几卷开始看>>的项输入到"百度贴吧_权利的游戏.txt"成功
2018-02-11 14:53:01,816 INFO     jinfeng    标题为<<我是来放第七季资源的  不用加威信>>的项输入到"百度贴吧_权利的游戏.txt"成功
2018-02-11 14:53:01,816 INFO     jinfeng    标题为<<权利游戏，1080p完整，1-7季看了，真的好看也～～楼下哈>>的项输入到"百度贴吧_权利的游戏.txt"成功
2018-02-11 14:53:01,816 INFO     jinfeng    标题为<<都看完啦，要的来找我>>的项输入到"百度贴吧_权利的游戏.txt"成功
2018-02-11 14:53:01,818 INFO     jinfeng    标题为<<权利的游戏全>>的项输入到"百度贴吧_权利的游戏.txt"成功
2018-02-11 14:53:01,818 INFO     jinfeng    标题为<<权利的游戏>>的项输入到"百度贴吧_权利的游戏.txt"成功
2018-02-11 14:53:01,818 INFO     jinfeng    标题为<<权力的游戏。1-7季。1080p。看楼下>>的项输入到"百度贴吧_权利的游戏.txt"成功
2018-02-11 14:53:01,818 INFO     jinfeng    标题为<<权利的游戏1-6无删减资源>>的项输入到"百度贴吧_权利的游戏.txt"成功
2018-02-11 14:53:01,818 INFO     jinfeng    标题为<<用瑟曦的脑袋喝酒>>的项输入到"百度贴吧_权利的游戏.txt"成功
2018-02-11 14:53:01,819 INFO     jinfeng    标题为<<权力的游戏太好看啦  已经全部整理好1-7全二楼地址哦  要>>的项输入到"百度贴吧_权利的游戏.txt"成功
2018-02-11 14:53:01,819 INFO     jinfeng    标题为<<想看拿走>>的项输入到"百度贴吧_权利的游戏.txt"成功
2018-02-11 14:53:01,819 INFO     jinfeng    标题为<<《权利的游戏》>>的项输入到"百度贴吧_权利的游戏.txt"成功
2018-02-11 14:53:01,819 INFO     jinfeng    标题为<<权力的游戏。1-7季。1080p。未删。【图片】【图片】>>的项输入到"百度贴吧_权利的游戏.txt"成功
2018-02-11 14:53:01,819 INFO     jinfeng    标题为<<[福利]权利的游戏1-7季未删减版，二楼拿>>的项输入到"百度贴吧_权利的游戏.txt"成功
2018-02-11 14:53:01,819 INFO     jinfeng    标题为<<权利的游戏1-7季全 无删减>>的项输入到"百度贴吧_权利的游戏.txt"成功
2018-02-11 14:53:01,819 INFO     jinfeng    标题为<<权力的游戏。1-7季。1080p。未删。【图片】>>的项输入到"百度贴吧_权利的游戏.txt"成功
2018-02-11 14:53:01,819 INFO     jinfeng    标题为<<权利的游戏真的好看，1-7季我都有啊。要回顾的小伙伴请看楼下>>的项输入到"百度贴吧_权利的游戏.txt"成功
2018-02-11 14:53:01,821 INFO     jinfeng    标题为<<【权利的游戏】1-7无删减超清，中文字幕。>>的项输入到"百度贴吧_权利的游戏.txt"成功
2018-02-11 14:53:01,821 INFO     jinfeng    标题为<<（1-7）权利的游戏👇超青👇无删>>的项输入到"百度贴吧_权利的游戏.txt"成功
2018-02-11 14:53:01,821 INFO     jinfeng    标题为<<测>>的项输入到"百度贴吧_权利的游戏.txt"成功
2018-02-11 14:53:01,821 INFO     jinfeng    标题为<<多余一张敬业福，打开支付宝首页搜索“968464”，即可领取>>的项输入到"百度贴吧_权利的游戏.txt"成功
2018-02-11 14:53:01,822 INFO     jinfeng    标题为<<权利的游戏，1-7季全，超清无删，二楼拿哈>>的项输入到"百度贴吧_权利的游戏.txt"成功
2018-02-11 14:53:01,822 INFO     jinfeng    标题为<<权利游戏❤超清完整版>>的项输入到"百度贴吧_权利的游戏.txt"成功
2018-02-11 14:53:01,822 INFO     jinfeng    标题为<<权利的游戏1-7无删减>>的项输入到"百度贴吧_权利的游戏.txt"成功
2018-02-11 14:53:01,822 INFO     jinfeng    标题为<<权力的游戏。1-7季。1080p。未删。>>的项输入到"百度贴吧_权利的游戏.txt"成功
2018-02-11 14:53:01,822 INFO     jinfeng    标题为<<资源贴(权利的游戏)第七季，无删版>>的项输入到"百度贴吧_权利的游戏.txt"成功
2018-02-11 14:53:01,822 INFO     jinfeng    标题为<<权利的游戏1～7季高清未删减哦>>的项输入到"百度贴吧_权利的游戏.txt"成功
2018-02-11 14:53:01,822 INFO     jinfeng    标题为<<推荐一部和权游相似类型的美剧给你们>>的项输入到"百度贴吧_权利的游戏.txt"成功
2018-02-11 14:53:01,822 INFO     jinfeng    标题为<<权利的游戏1-7集 未删减！！免费 ！！无偿分享 加我就发🐸>>的项输入到"百度贴吧_权利的游戏.txt"成功
2018-02-11 14:53:01,823 INFO     jinfeng    标题为<<权利的游戏  1--7季 滴滴>>的项输入到"百度贴吧_权利的游戏.txt"成功
2018-02-11 14:53:01,823 INFO     jinfeng    标题为<<权利的游戏1-7全字幕无删减  要的来>>的项输入到"百度贴吧_权利的游戏.txt"成功
2018-02-11 14:53:01,823 INFO     jinfeng    标题为<<权利的游戏，超～清，无～删第一到第七季>>的项输入到"百度贴吧_权利的游戏.txt"成功
2018-02-11 14:53:01,823 INFO     jinfeng    标题为<<权力的游戏。1-7季。1080p。未删。>>的项输入到"百度贴吧_权利的游戏.txt"成功
2018-02-11 14:53:01,825 INFO     jinfeng    标题为<<权力的游戏。1-7季。1080p。未删。>>的项输入到"百度贴吧_权利的游戏.txt"成功
2018-02-11 14:53:01,825 INFO     jinfeng    标题为<<【征服与反抗】1-7超清无删减++前传>>的项输入到"百度贴吧_权利的游戏.txt"成功
2018-02-11 14:53:01,825 INFO     jinfeng    标题为<<维斯特洛的前世今生：权利的游戏征服与反抗>>的项输入到"百度贴吧_权利的游戏.txt"成功
2018-02-11 14:53:01,825 INFO     jinfeng    标题为<<1-7无删减>>的项输入到"百度贴吧_权利的游戏.txt"成功
2018-02-11 14:53:01,825 INFO     jinfeng    标题为<<#权利的游戏#1-7超清无删减，中英双字幕>>的项输入到"百度贴吧_权利的游戏.txt"成功
2018-02-11 14:53:01,825 INFO     jinfeng    标题为<<权利的游戏1-7超清无删减，中英双字幕>>的项输入到"百度贴吧_权利的游戏.txt"成功
2018-02-11 14:53:01,825 INFO     jinfeng    标题为<<没想到君临真的飘起了雪…The winter is comi>>的项输入到"百度贴吧_权利的游戏.txt"成功
2018-02-11 14:53:01,826 INFO     jinfeng    标题为<<kingslanding>>的项输入到"百度贴吧_权利的游戏.txt"成功
2018-02-11 14:53:01,826 INFO     jinfeng    标题为<<让你看看红毒蛇奥伯伦究竟多牛掰>>的项输入到"百度贴吧_权利的游戏.txt"成功
2018-02-11 14:53:01,826 INFO     jinfeng    标题为<<一只火龙胜过千军万马，有木有>>的项输入到"百度贴吧_权利的游戏.txt"成功
2018-02-11 14:53:01,826 INFO     jinfeng    标题为<<权利的游戏1-7 要的来白取哈>>的项输入到"百度贴吧_权利的游戏.txt"成功
2018-02-11 14:53:01,826 INFO     jinfeng    标题为<<权力的游戏1-7季无删减。1080P。看楼下>>的项输入到"百度贴吧_权利的游戏.txt"成功
2018-02-11 14:53:01,828 INFO     jinfeng    标题为<<《权利的游戏》1-7>>的项输入到"百度贴吧_权利的游戏.txt"成功
2018-02-11 14:53:01,828 INFO     jinfeng    标题为<<半人万岁>>的项输入到"百度贴吧_权利的游戏.txt"成功
2018-02-11 14:53:01,828 INFO     jinfeng    标题为<<权力的游戏。1-7季。1080p。未删。>>的项输入到"百度贴吧_权利的游戏.txt"成功
2018-02-11 14:53:01,828 INFO     jinfeng    标题为<<权力的游戏1-7季无删减。看楼下【图片】【图片】【图片】【图>>的项输入到"百度贴吧_权利的游戏.txt"成功
2018-02-11 14:53:01,828 INFO     jinfeng    标题为<<权利的游戏1-7全集高清无删，喜欢进>>的项输入到"百度贴吧_权利的游戏.txt"成功
2018-02-11 14:53:01,828 INFO     jinfeng    标题为<<权利的游戏1－7有免费的吗兄弟姐妹们，加我chen27308>>的项输入到"百度贴吧_权利的游戏.txt"成功
2018-02-11 14:53:01,828 INFO     jinfeng    标题为<<无偿分享，链接哦>>的项输入到"百度贴吧_权利的游戏.txt"成功
2018-02-11 14:53:01,828 INFO     jinfeng    标题为<<万能的吧友们，请问什么第几季寒冬会来，异鬼侵袭？等的好心酸>>的项输入到"百度贴吧_权利的游戏.txt"成功
2018-02-11 14:53:01,829 INFO     jinfeng    标题为<<这是啥节目呀>>的项输入到"百度贴吧_权利的游戏.txt"成功
2018-02-11 14:53:01,829 INFO     jinfeng    标题为<<龙母不能输，靠大家了~>>的项输入到"百度贴吧_权利的游戏.txt"成功
2018-02-11 14:53:01,829 INFO     jinfeng    标题为<<求未删减版权利的游戏，可有偿>>的项输入到"百度贴吧_权利的游戏.txt"成功
2018-02-11 14:53:01,829 INFO     jinfeng    标题为<<关于第八季，网上的爆料是否真实？>>的项输入到"百度贴吧_权利的游戏.txt"成功
2018-02-11 14:53:01,831 INFO     jinfeng    标题为<<权利的游戏1-7要的来拿>>的项输入到"百度贴吧_权利的游戏.txt"成功
2018-02-11 14:53:01,831 INFO     jinfeng    标题为<<权利全集>>的项输入到"百度贴吧_权利的游戏.txt"成功
2018-02-11 14:53:01,831 INFO     jinfeng    标题为<<各位大神把你们收藏的权游高清壁纸都发出来吧，我想做个相册挂在>>的项输入到"百度贴吧_权利的游戏.txt"成功
2018-02-11 14:53:01,831 INFO     jinfeng    标题为<<权力的游戏，高 。清，无删。>>的项输入到"百度贴吧_权利的游戏.txt"成功
2018-02-11 14:53:01,832 INFO     jinfeng    标题为<<权力的游戏1-7季无删减。1080P。看楼下【图片】【图片】>>的项输入到"百度贴吧_权利的游戏.txt"成功
2018-02-11 14:53:01,832 INFO     jinfeng    标题为<<权游全季 我有 想看的找我拿 微信healer1244197>>的项输入到"百度贴吧_权利的游戏.txt"成功
2018-02-11 14:53:01,832 INFO     jinfeng    标题为<<权利的游戏1~7季 免费全部发放>>的项输入到"百度贴吧_权利的游戏.txt"成功
2018-02-11 14:53:01,832 INFO     jinfeng    标题为<<看美剧的来！>>的项输入到"百度贴吧_权利的游戏.txt"成功
2018-02-11 14:53:01,832 INFO     jinfeng    标题为<<求权利游戏无删1～7季>>的项输入到"百度贴吧_权利的游戏.txt"成功
2018-02-11 14:53:01,832 INFO     jinfeng    标题为<<跪求好人权利的游戏高清，一生平安>>的项输入到"百度贴吧_权利的游戏.txt"成功
2018-02-11 14:53:01,832 INFO     jinfeng    标题为<<『资源共享』留名抱走>>的项输入到"百度贴吧_权利的游戏.txt"成功
2018-02-11 14:53:01,832 INFO     jinfeng    标题为<<求权利的游戏第四季第七级，我的资源坏了播放不了，谢谢老哥们了>>的项输入到"百度贴吧_权利的游戏.txt"成功
2018-02-11 14:53:01,834 INFO     jinfeng    标题为<<分享：按动漫大师分的动漫，宫崎骏，新海诚~按类型分的动漫，言情，动>>的项输入到"百度贴吧_权利的游戏.txt"成功
2018-02-11 14:53:01,834 INFO     jinfeng    标题为<<权利的游戏第六季 附加1～5季全集>>的项输入到"百度贴吧_权利的游戏.txt"成功
2018-02-11 14:53:01,834 INFO     jinfeng    标题为<<权力的游戏1-7季无删减。1080P。看楼下【图片】【图片】>>的项输入到"百度贴吧_权利的游戏.txt"成功
2018-02-11 14:53:01,834 INFO     jinfeng    标题为<<大写的仙！睫毛真的可以惊动一只眼>>的项输入到"百度贴吧_权利的游戏.txt"成功
2018-02-11 14:53:01,834 INFO     jinfeng    标题为<<权利的游戏，只有1到6季，高清未删减，有要的么>>的项输入到"百度贴吧_权利的游戏.txt"成功
2018-02-11 14:53:01,835 INFO     jinfeng    标题为<<权利的游戏超级好看啊啊啊啊这里有资源哈，找不到的私我给你>>的项输入到"百度贴吧_权利的游戏.txt"成功
2018-02-11 14:53:01,835 INFO     jinfeng    标题为<<来吧，尽情发挥吧👇👇👇>>的项输入到"百度贴吧_权利的游戏.txt"成功
2018-02-11 14:53:01,835 INFO     jinfeng    标题为<<分享：经典好看的电影，个人推出，喜欢的朋友可以进来看看。>>的项输入到"百度贴吧_权利的游戏.txt"成功
2018-02-11 14:53:01,835 INFO     jinfeng    标题为<<权利高清无删减需要的加lianghongkun123>>的项输入到"百度贴吧_权利的游戏.txt"成功
2018-02-11 14:53:01,835 INFO     jinfeng    标题为<<恳求吧务别删，一款手机都能玩的游戏，，，，>>的项输入到"百度贴吧_权利的游戏.txt"成功
2018-02-11 14:53:01,835 INFO     jinfeng    标题为<<权力的游戏1-7季无删减。1080P。看楼下【图片】【图片】>>的项输入到"百度贴吧_权利的游戏.txt"成功
2018-02-11 14:53:01,835 INFO     jinfeng    标题为<<有 1-7季高清无删减 中文字幕 吗？>>的项输入到"百度贴吧_权利的游戏.txt"成功
2018-02-11 14:53:01,835 INFO     jinfeng    标题为<<权利的游戏1-7季免费分享百分百免费~>>的项输入到"百度贴吧_权利的游戏.txt"成功
2018-02-11 14:53:01,836 INFO     jinfeng    标题为<<多会才能走第八季啊>>的项输入到"百度贴吧_权利的游戏.txt"成功
2018-02-11 14:53:01,836 INFO     jinfeng    标题为<<权力的游戏1-7季无删减。1080P。看楼下【图片】【图片】>>的项输入到"百度贴吧_权利的游戏.txt"成功
2018-02-11 14:53:01,836 INFO     jinfeng    标题为<<唉，大结局基本上都死光了。权利的游戏是个悲剧。hhh>>的项输入到"百度贴吧_权利的游戏.txt"成功
2018-02-11 14:53:01,836 INFO     jinfeng    标题为<<一句hoodor一生hood the door>>的项输入到"百度贴吧_权利的游戏.txt"成功
2018-02-11 14:53:01,838 INFO     jinfeng    标题为<<中性笔画…权利的游戏之——囧。>>的项输入到"百度贴吧_权利的游戏.txt"成功
2018-02-11 14:53:01,838 INFO     jinfeng    标题为<<权力的游戏1-7季无删减。1080P。看楼下【图片】【图片】>>的项输入到"百度贴吧_权利的游戏.txt"成功
2018-02-11 14:53:01,838 INFO     jinfeng    标题为<<权利多游戏免费分享加我百度云账号就是这个，打击👊影贩子>>的项输入到"百度贴吧_权利的游戏.txt"成功
2018-02-11 14:53:01,838 INFO     jinfeng    标题为<<第四季小恶魔为什么要杀雪伊啊！没看懂>>的项输入到"百度贴吧_权利的游戏.txt"成功
2018-02-11 14:53:01,838 INFO     jinfeng    标题为<<没有办法在大庭广众之下看权利游戏  还是无删减版的  袒×露>>的项输入到"百度贴吧_权利的游戏.txt"成功
2018-02-11 14:53:01,838 INFO     jinfeng    标题为<<可以吧>>的项输入到"百度贴吧_权利的游戏.txt"成功
2018-02-11 14:53:01,838 INFO     jinfeng    标题为<<权力的游戏百度云>>的项输入到"百度贴吧_权利的游戏.txt"成功
2018-02-11 14:53:01,838 INFO     jinfeng    标题为<<如何免费不被套路的看到权利游戏1-7，1080P>>的项输入到"百度贴吧_权利的游戏.txt"成功
2018-02-11 14:53:01,839 INFO     jinfeng    标题为<<求权利的游戏资源，哪位大神发下>>的项输入到"百度贴吧_权利的游戏.txt"成功
2018-02-11 14:53:01,839 INFO     jinfeng    标题为<<求权利的游戏1-7季英文版剧本，学英语，谢谢😜>>的项输入到"百度贴吧_权利的游戏.txt"成功
2018-02-11 14:53:01,839 INFO     jinfeng    标题为<<看就要看未删减！！！我这有1-7哦>>的项输入到"百度贴吧_权利的游戏.txt"成功
2018-02-11 14:53:01,839 INFO     jinfeng    标题为<<权利的游戏一到七季要的加我>>的项输入到"百度贴吧_权利的游戏.txt"成功
2018-02-11 14:53:01,841 INFO     jinfeng    标题为<<权力的游戏🎈1~7季1080p超青🔥蓝 光🎈NO 删>>的项输入到"百度贴吧_权利的游戏.txt"成功
2018-02-11 14:53:01,841 INFO     jinfeng    标题为<<二楼>>的项输入到"百度贴吧_权利的游戏.txt"成功
2018-02-11 14:53:01,841 INFO     jinfeng    标题为<<权力的游戏1-7季无删减。1080P。看楼下>>的项输入到"百度贴吧_权利的游戏.txt"成功
2018-02-11 14:53:01,841 INFO     jinfeng    标题为<<权力的游戏1-7季无删减。1080P。不套路。看楼下哦>>的项输入到"百度贴吧_权利的游戏.txt"成功
2018-02-11 14:53:01,842 INFO     jinfeng    标题为<<红毒蛇奥伯伦和那个鸭子谁攻谁受啊>>的项输入到"百度贴吧_权利的游戏.txt"成功
2018-02-11 14:53:01,842 INFO     jinfeng    标题为<<权力的游戏高清无删减1-7季，无偿，不套路滴滴我>>的项输入到"百度贴吧_权利的游戏.txt"成功
2018-02-11 14:53:01,842 INFO     jinfeng    标题为<<权力的游戏1-7季无删减。1080P。看楼下【图片】【图片】>>的项输入到"百度贴吧_权利的游戏.txt"成功
2018-02-11 14:53:01,842 INFO     jinfeng    标题为<<准备发放一波福利  信的来  各种剧各种戏  配图无关>>的项输入到"百度贴吧_权利的游戏.txt"成功
2018-02-11 14:53:01,842 INFO     jinfeng    标题为<<冰原狼剑一一怎么样>>的项输入到"百度贴吧_权利的游戏.txt"成功
2018-02-11 14:53:01,842 INFO     jinfeng    标题为<<无套路，加微信秒发1到7季资源>>的项输入到"百度贴吧_权利的游戏.txt"成功
2018-02-11 14:53:01,842 INFO     jinfeng    标题为<<权利的游戏1-7。拿去不谢~见二楼链，接>>的项输入到"百度贴吧_权利的游戏.txt"成功
2018-02-11 14:53:01,842 INFO     jinfeng    标题为<<权利的游戏1-4季全   百度网盘BT下载，>>的项输入到"百度贴吧_权利的游戏.txt"成功
2018-02-11 14:53:01,844 INFO     jinfeng    标题为<<权力的游戏，图中的都有，拿去不谢>>的项输入到"百度贴吧_权利的游戏.txt"成功
2018-02-11 14:53:01,844 INFO     jinfeng    标题为<<【精】【资源帖】权游1-7全季高清蓝光>>的项输入到"百度贴吧_权利的游戏.txt"成功
2018-02-11 14:53:01,844 INFO     jinfeng    标题为<<福利贴，在下面👇留下你想看的，我帮找，可分享>>的项输入到"百度贴吧_权利的游戏.txt"成功
2018-02-11 14:53:01,844 INFO     jinfeng    标题为<<权力的游戏高清>>的项输入到"百度贴吧_权利的游戏.txt"成功
2018-02-11 14:53:01,845 INFO     jinfeng    标题为<<玛格丽皇后给祖母荆棘夫人一张画有玫瑰的纸是什么意思？>>的项输入到"百度贴吧_权利的游戏.txt"成功
2018-02-11 14:53:01,845 INFO     jinfeng    标题为<<emmm~如何决择呢>>的项输入到"百度贴吧_权利的游戏.txt"成功
2018-02-11 14:53:01,845 INFO     jinfeng    标题为<<无条件分享权利的游戏1-7>>的项输入到"百度贴吧_权利的游戏.txt"成功
2018-02-11 14:53:01,845 INFO     jinfeng    标题为<<权利的游戏1-7>>的项输入到"百度贴吧_权利的游戏.txt"成功
2018-02-11 14:53:01,845 INFO     jinfeng    标题为<<权利的游戏1-7季，要的留言>>的项输入到"百度贴吧_权利的游戏.txt"成功
2018-02-11 14:53:01,845 INFO     jinfeng    标题为<<原来一直照顾布兰的那个野人女人去哪里了啊？>>的项输入到"百度贴吧_权利的游戏.txt"成功
2018-02-11 14:53:01,845 INFO     jinfeng    标题为<<发几张冰与火之歌里面演员的美照哦~~>>的项输入到"百度贴吧_权利的游戏.txt"成功
2018-02-11 14:53:01,845 INFO     jinfeng    标题为<<第五季看完了～这是要出第六季的节奏啊>>的项输入到"百度贴吧_权利的游戏.txt"成功
2018-02-11 14:53:01,846 INFO     jinfeng    标题为<<类似支付宝的红包活动，一般累计可以得100-200左右>>的项输入到"百度贴吧_权利的游戏.txt"成功
2018-02-11 14:53:01,846 INFO     jinfeng    标题为<<敲黑板了，要资源的看过来啊、>>的项输入到"百度贴吧_权利的游戏.txt"成功
2018-02-11 14:53:01,846 INFO     jinfeng    标题为<<权力的游戏需要的宝宝进主页看简介贴吧不许放链接分享欧>>的项输入到"百度贴吧_权利的游戏.txt"成功
2018-02-11 14:53:01,846 INFO     jinfeng    标题为<<权利的游戏以及各种美剧哟打包给你们>>的项输入到"百度贴吧_权利的游戏.txt"成功
2018-02-11 14:53:01,848 INFO     jinfeng    标题为<<权力的游戏 无删减 超高清 喜欢的赶紧来>>的项输入到"百度贴吧_权利的游戏.txt"成功
2018-02-11 14:53:01,848 INFO     jinfeng    标题为<<权力的游戏1-7季无删减。1080P。看楼下【图片】【图片】>>的项输入到"百度贴吧_权利的游戏.txt"成功
2018-02-11 14:53:01,848 INFO     jinfeng    标题为<<真服。。。这么多给资源的？>>的项输入到"百度贴吧_权利的游戏.txt"成功
2018-02-11 14:53:01,848 INFO     jinfeng    标题为<<你不是条龙，你是一只臭佬>>的项输入到"百度贴吧_权利的游戏.txt"成功
2018-02-11 14:53:01,848 INFO     jinfeng    标题为<<有没有人去玩西部大陆，西部大陆是以前的老列王，没有龙语，龙晶>>的项输入到"百度贴吧_权利的游戏.txt"成功
2018-02-11 14:53:01,848 INFO     jinfeng    标题为<<最强美剧电影资源来袭～>>的项输入到"百度贴吧_权利的游戏.txt"成功
2018-02-11 14:53:01,848 INFO     jinfeng    标题为<<求龙妈和马王第一次见面的背景音乐！！>>的项输入到"百度贴吧_权利的游戏.txt"成功
2018-02-11 14:53:01,848 INFO     jinfeng    标题为<<权利的游戏1-7>>的项输入到"百度贴吧_权利的游戏.txt"成功
2018-02-11 14:53:01,849 INFO     jinfeng    标题为<<干死收费的>>的项输入到"百度贴吧_权利的游戏.txt"成功
2018-02-11 14:53:01,849 INFO     jinfeng    标题为<<权利的游戏1到7我给你💟💟>>的项输入到"百度贴吧_权利的游戏.txt"成功
2018-02-11 14:53:01,849 INFO     jinfeng    标题为<<这第八季剧透太扯淡了吧。这哥们都挂了啊>>的项输入到"百度贴吧_权利的游戏.txt"成功
2018-02-11 14:53:01,849 INFO     jinfeng    标题为<<刚看完第三集>>的项输入到"百度贴吧_权利的游戏.txt"成功
