2018-04-28 11:04:28,200 INFO     jinfeng    open namelist success , the length of list is 865

2018-04-28 11:04:36,946 INFO     jinfeng    get data 宫颈注射 


2018-04-28 11:04:48,115 INFO     jinfeng    get data 胰高血糖素试验 


2018-04-28 11:21:15,174 INFO     jinfeng    open namelist success , the length of list is 865

2018-04-28 11:21:22,759 INFO     jinfeng    get data 宫颈注射 


2018-04-28 11:21:33,555 INFO     jinfeng    get data 胰高血糖素试验 


2018-04-28 11:21:50,441 INFO     jinfeng    get data 乙型肝炎表面抗体测定(Anti-HBs) 


2018-04-28 11:22:01,819 INFO     jinfeng    get data 中药蒸汽浴治疗 


2018-04-28 11:22:12,520 INFO     jinfeng    get data 纤维鼻咽镜检查 


2018-04-28 11:22:23,253 INFO     jinfeng    get data 胸、腹水常规检查 


2018-04-30 18:48:32,568 INFO     jinfeng    open namelist success , the length of list is 865

2018-04-30 18:48:39,216 INFO     jinfeng    get data 宫颈注射 


2018-04-30 18:48:50,095 INFO     jinfeng    get data 胰高血糖素试验 


2018-04-30 18:49:00,954 INFO     jinfeng    get data 乙型肝炎表面抗体测定(Anti-HBs) 


2018-04-30 18:50:10,000 INFO     jinfeng    open namelist success , the length of list is 865

2018-04-30 18:50:16,342 INFO     jinfeng    get data 宫颈注射 


2018-04-30 18:50:26,964 INFO     jinfeng    get data 胰高血糖素试验 


2018-04-30 18:53:20,312 INFO     jinfeng    open namelist success , the length of list is 865

2018-04-30 18:53:26,871 INFO     jinfeng    get data 宫颈注射 


2018-04-30 18:53:37,890 INFO     jinfeng    get data 胰高血糖素试验 


2018-04-30 19:00:22,802 INFO     jinfeng    open namelist success , the length of list is 865

2018-04-30 19:00:27,242 INFO     jinfeng    get data 宫颈注射 


2018-04-30 19:01:15,959 INFO     jinfeng    open namelist success , the length of list is 865

2018-04-30 19:01:22,148 INFO     jinfeng    get data 宫颈注射 


2018-04-30 19:01:32,986 INFO     jinfeng    get data 胰高血糖素试验 


2018-04-30 19:01:44,369 INFO     jinfeng    get data 乙型肝炎表面抗体测定(Anti-HBs) 


2018-04-30 19:06:12,523 INFO     jinfeng    open namelist success , the length of list is 865

2018-04-30 19:06:18,885 INFO     jinfeng    get data 宫颈注射 


2018-04-30 19:06:29,815 INFO     jinfeng    get data 胰高血糖素试验 


2018-04-30 19:06:40,621 INFO     jinfeng    get data 乙型肝炎表面抗体测定(Anti-HBs) 


2018-04-30 19:06:52,397 INFO     jinfeng    open namelist success , the length of list is 865

2018-04-30 19:06:58,898 INFO     jinfeng    get data 宫颈注射 


2018-04-30 19:07:09,858 INFO     jinfeng    get data 胰高血糖素试验 


2018-04-30 19:12:13,197 INFO     jinfeng    open namelist success , the length of list is 865

2018-04-30 19:12:20,085 INFO     jinfeng    get data 宫颈注射 


2018-04-30 19:12:30,740 INFO     jinfeng    get data 胰高血糖素试验 


2018-04-30 19:12:41,322 INFO     jinfeng    get data 乙型肝炎表面抗体测定(Anti-HBs) 


